#-----------------------------------------------------------
# Webtalk v2015.3 (64-bit)
# SW Build 1368829 on Mon Sep 28 20:06:43 MDT 2015
# 
# Start of session at: Fri Jun 16 15:29:16 2017
# Process ID: 15092
# Current directory: C:/Users/user/Desktop/project_1/project_1.sdk/webtalk
# Command line: wbtcv.exe -mode batch -source sdk_webtalk.tcl
# Log file: C:/Users/user/Desktop/project_1/project_1.sdk/webtalk/webtalk.log
# Journal file: C:/Users/user/Desktop/project_1/project_1.sdk/webtalk\webtalk.jou
#-----------------------------------------------------------
source sdk_webtalk.tcl
# webtalk_init -webtalk_dir C:\\Users\\user\\Desktop\\project_1\\project_1.sdk\\webtalk
# webtalk_register_client -client project
# webtalk_add_data -client project -key date_generated -value "±Ý 6¿ù 16 15:29:14 2017" -context "software_version_and_target_device"
# webtalk_add_data -client project -key product_version -value "SDK v2015.3" -context "software_version_and_target_device"
# webtalk_add_data -client project -key build_version -value "2015.3" -context "software_version_and_target_device"
# webtalk_add_data -client project -key os_platform -value "amd64" -context "software_version_and_target_device"
# webtalk_add_data -client project -key registration_id -value "" -context "software_version_and_target_device"
# webtalk_add_data -client project -key tool_flow -value "SDK" -context "software_version_and_target_device"
# webtalk_add_data -client project -key beta -value "false" -context "software_version_and_target_device"
# webtalk_add_data -client project -key route_design -value "NA" -context "software_version_and_target_device"
# webtalk_add_data -client project -key target_family -value "NA" -context "software_version_and_target_device"
# webtalk_add_data -client project -key target_device -value "NA" -context "software_version_and_target_device"
# webtalk_add_data -client project -key target_package -value "NA" -context "software_version_and_target_device"
# webtalk_add_data -client project -key target_speed -value "NA" -context "software_version_and_target_device"
# webtalk_add_data -client project -key random_id -value "t3iainau90vmd2jf5lg28ivbb2" -context "software_version_and_target_device"
# webtalk_add_data -client project -key project_id -value "2015.3_1" -context "software_version_and_target_device"
# webtalk_add_data -client project -key project_iteration -value "1" -context "software_version_and_target_device"
# webtalk_add_data -client project -key os_name -value "" -context "user_environment"
# webtalk_add_data -client project -key os_release -value "" -context "user_environment"
# webtalk_add_data -client project -key cpu_name -value "" -context "user_environment"
# webtalk_add_data -client project -key cpu_speed -value "" -context "user_environment"
# webtalk_add_data -client project -key total_processors -value "" -context "user_environment"
# webtalk_add_data -client project -key system_ram -value "" -context "user_environment"
# webtalk_register_client -client sdk
# webtalk_add_data -client sdk -key uid -value "1497591499242" -context "sdk\\\\hardware/1497591499242"
# webtalk_add_data -client sdk -key isZynq -value "true" -context "sdk\\\\hardware/1497591499242"
# webtalk_add_data -client sdk -key Processors -value "2" -context "sdk\\\\hardware/1497591499242"
# webtalk_add_data -client sdk -key VivadoVersion -value "2015.3" -context "sdk\\\\hardware/1497591499242"
# webtalk_add_data -client sdk -key Arch -value "zynq" -context "sdk\\\\hardware/1497591499242"
# webtalk_add_data -client sdk -key Device -value "7z020" -context "sdk\\\\hardware/1497591499242"
# webtalk_add_data -client sdk -key IsHandoff -value "true" -context "sdk\\\\hardware/1497591499242"
# webtalk_add_data -client sdk -key uid -value "1497591677858" -context "sdk\\\\hardware/1497591677858"
# webtalk_add_data -client sdk -key isZynq -value "true" -context "sdk\\\\hardware/1497591677858"
# webtalk_add_data -client sdk -key Processors -value "2" -context "sdk\\\\hardware/1497591677858"
# webtalk_add_data -client sdk -key VivadoVersion -value "2015.3" -context "sdk\\\\hardware/1497591677858"
# webtalk_add_data -client sdk -key Arch -value "zynq" -context "sdk\\\\hardware/1497591677858"
# webtalk_add_data -client sdk -key Device -value "7z020" -context "sdk\\\\hardware/1497591677858"
# webtalk_add_data -client sdk -key IsHandoff -value "true" -context "sdk\\\\hardware/1497591677858"
# webtalk_add_data -client sdk -key uid -value "1497591678615" -context "sdk\\\\bsp/1497591678615"
# webtalk_add_data -client sdk -key hwid -value "1497591677858" -context "sdk\\\\bsp/1497591678615"
# webtalk_add_data -client sdk -key os -value "standalone" -context "sdk\\\\bsp/1497591678615"
# webtalk_add_data -client sdk -key apptemplate -value "hello_world" -context "sdk\\\\bsp/1497591678615"
# webtalk_add_data -client sdk -key uid -value "1497591688223" -context "sdk\\\\application/1497591688223"
# webtalk_add_data -client sdk -key hwid -value "1497591677858" -context "sdk\\\\application/1497591688223"
# webtalk_add_data -client sdk -key bspid -value "1497591678615" -context "sdk\\\\application/1497591688223"
# webtalk_add_data -client sdk -key newbsp -value "true" -context "sdk\\\\application/1497591688223"
# webtalk_add_data -client sdk -key os -value "standalone" -context "sdk\\\\application/1497591688223"
# webtalk_add_data -client sdk -key apptemplate -value "hello_world" -context "sdk\\\\application/1497591688223"
# webtalk_transmit -clientid 1636580366 -regid "" -xml C:\\Users\\user\\Desktop\\project_1\\project_1.sdk\\webtalk\\usage_statistics_ext_sdk.xml -html C:\\Users\\user\\Desktop\\project_1\\project_1.sdk\\webtalk\\usage_statistics_ext_sdk.html -wdm C:\\Users\\user\\Desktop\\project_1\\project_1.sdk\\webtalk\\sdk_webtalk.wdm -intro "<H3>SDK Usage Report</H3><BR>"
# webtalk_terminate
INFO: [Common 17-206] Exiting Webtalk at Fri Jun 16 15:29:25 2017...
