

================================================================
== Vivado HLS Report for 'Conv_Accel'
================================================================
* Date:           Sat Jun 17 17:05:35 2017

* Version:        2015.3 (Build 1368829 on Mon Sep 28 20:31:51 PM 2015)
* Project:        Lab7_HLS_Stream
* Solution:       solution1
* Product family: zynq
* Target device:  xc7z020clg484-1


================================================================
== Performance Estimates
================================================================
+ Timing (ns): 
    * Summary: 
    +--------+-------+----------+------------+
    |  Clock | Target| Estimated| Uncertainty|
    +--------+-------+----------+------------+
    |ap_clk  |  10.00|      8.55|        1.25|
    +--------+-------+----------+------------+

+ Latency (clock cycles): 
    * Summary: 
    +---------+---------+---------+---------+---------+
    |      Latency      |      Interval     | Pipeline|
    |   min   |   max   |   min   |   max   |   Type  |
    +---------+---------+---------+---------+---------+
    |  3460202|  3460202|  3460203|  3460203|   none  |
    +---------+---------+---------+---------+---------+

    + Detail: 
        * Instance: 
        N/A

        * Loop: 
        N/A

============================================================
+ Verbose Summary: Synthesis Manager
============================================================
InlineROM: 1
ExposeGlobal: 0
============================================================
+ Verbose Summary: CDFG Model
============================================================
IsTopModel: 1
ResetActiveHigh: 1
IsCombinational: 0
IsDatapathOnly: 0
HasWiredReturn: 1
HasMFsm: 0
HasVarLatency: 1
IsPipeline: 0
IsRtlPipelined: 0
IsInstanceOverlapped: 0
IsDontTouch: 0
HasImplIP: 0
IsGatedGlobalClock: 0


============================================================
+ Verbose Summary: Schedule
============================================================
* Number of FSM states: 2
* Pipeline: 0
* Dataflow Pipeline: 0

* FSM state transitions: 
1 --> 
	2  / true
2 --> 
* FSM state operations: 

 <State 1>: 2.39ns
ST_1: stg_3 [2/2] 2.39ns
:18  call fastcc void @Conv_Accel_wrapped_conv_hw(i32* %INPUT_STREAM_data_V, i4* %INPUT_STREAM_keep_V, i4* %INPUT_STREAM_strb_V, i4* %INPUT_STREAM_user_V, i1* %INPUT_STREAM_last_V, i5* %INPUT_STREAM_id_V, i5* %INPUT_STREAM_dest_V, i32* %OUTPUT_STREAM_data_V, i4* %OUTPUT_STREAM_keep_V, i4* %OUTPUT_STREAM_strb_V, i4* %OUTPUT_STREAM_user_V, i1* %OUTPUT_STREAM_last_V, i5* %OUTPUT_STREAM_id_V, i5* %OUTPUT_STREAM_dest_V)


 <State 2>: 2.71ns
ST_2: stg_4 [1/1] 0.00ns
:0  call void (...)* @_ssdm_op_SpecBitsMap(i32* %INPUT_STREAM_data_V), !map !7

ST_2: stg_5 [1/1] 0.00ns
:1  call void (...)* @_ssdm_op_SpecBitsMap(i4* %INPUT_STREAM_keep_V), !map !13

ST_2: stg_6 [1/1] 0.00ns
:2  call void (...)* @_ssdm_op_SpecBitsMap(i4* %INPUT_STREAM_strb_V), !map !17

ST_2: stg_7 [1/1] 0.00ns
:3  call void (...)* @_ssdm_op_SpecBitsMap(i4* %INPUT_STREAM_user_V), !map !21

ST_2: stg_8 [1/1] 0.00ns
:4  call void (...)* @_ssdm_op_SpecBitsMap(i1* %INPUT_STREAM_last_V), !map !25

ST_2: stg_9 [1/1] 0.00ns
:5  call void (...)* @_ssdm_op_SpecBitsMap(i5* %INPUT_STREAM_id_V), !map !29

ST_2: stg_10 [1/1] 0.00ns
:6  call void (...)* @_ssdm_op_SpecBitsMap(i5* %INPUT_STREAM_dest_V), !map !33

ST_2: stg_11 [1/1] 0.00ns
:7  call void (...)* @_ssdm_op_SpecBitsMap(i32* %OUTPUT_STREAM_data_V), !map !37

ST_2: stg_12 [1/1] 0.00ns
:8  call void (...)* @_ssdm_op_SpecBitsMap(i4* %OUTPUT_STREAM_keep_V), !map !43

ST_2: stg_13 [1/1] 0.00ns
:9  call void (...)* @_ssdm_op_SpecBitsMap(i4* %OUTPUT_STREAM_strb_V), !map !47

ST_2: stg_14 [1/1] 0.00ns
:10  call void (...)* @_ssdm_op_SpecBitsMap(i4* %OUTPUT_STREAM_user_V), !map !51

ST_2: stg_15 [1/1] 0.00ns
:11  call void (...)* @_ssdm_op_SpecBitsMap(i1* %OUTPUT_STREAM_last_V), !map !55

ST_2: stg_16 [1/1] 0.00ns
:12  call void (...)* @_ssdm_op_SpecBitsMap(i5* %OUTPUT_STREAM_id_V), !map !59

ST_2: stg_17 [1/1] 0.00ns
:13  call void (...)* @_ssdm_op_SpecBitsMap(i5* %OUTPUT_STREAM_dest_V), !map !63

ST_2: stg_18 [1/1] 0.00ns
:14  call void (...)* @_ssdm_op_SpecTopModule([11 x i8]* @Conv_Accel_str) nounwind

ST_2: stg_19 [1/1] 0.00ns
:15  call void (...)* @_ssdm_op_SpecInterface(i32 0, [10 x i8]* @p_str, i32 0, i32 0, i32 0, i32 0, [12 x i8]* @p_str1, [1 x i8]* @p_str2, [1 x i8]* @p_str2, [1 x i8]* @p_str2) nounwind

ST_2: stg_20 [1/1] 0.00ns
:16  call void (...)* @_ssdm_op_SpecInterface(i32* %OUTPUT_STREAM_data_V, i4* %OUTPUT_STREAM_keep_V, i4* %OUTPUT_STREAM_strb_V, i4* %OUTPUT_STREAM_user_V, i1* %OUTPUT_STREAM_last_V, i5* %OUTPUT_STREAM_id_V, i5* %OUTPUT_STREAM_dest_V, [5 x i8]* @p_str3, i32 0, i32 0, i32 0, i32 0, [1 x i8]* @p_str2, [1 x i8]* @p_str2, [1 x i8]* @p_str2, [1 x i8]* @p_str2)

ST_2: stg_21 [1/1] 0.00ns
:17  call void (...)* @_ssdm_op_SpecInterface(i32* %INPUT_STREAM_data_V, i4* %INPUT_STREAM_keep_V, i4* %INPUT_STREAM_strb_V, i4* %INPUT_STREAM_user_V, i1* %INPUT_STREAM_last_V, i5* %INPUT_STREAM_id_V, i5* %INPUT_STREAM_dest_V, [5 x i8]* @p_str3, i32 0, i32 0, i32 0, i32 0, [1 x i8]* @p_str2, [1 x i8]* @p_str2, [1 x i8]* @p_str2, [1 x i8]* @p_str2)

ST_2: stg_22 [1/2] 2.71ns
:18  call fastcc void @Conv_Accel_wrapped_conv_hw(i32* %INPUT_STREAM_data_V, i4* %INPUT_STREAM_keep_V, i4* %INPUT_STREAM_strb_V, i4* %INPUT_STREAM_user_V, i1* %INPUT_STREAM_last_V, i5* %INPUT_STREAM_id_V, i5* %INPUT_STREAM_dest_V, i32* %OUTPUT_STREAM_data_V, i4* %OUTPUT_STREAM_keep_V, i4* %OUTPUT_STREAM_strb_V, i4* %OUTPUT_STREAM_user_V, i1* %OUTPUT_STREAM_last_V, i5* %OUTPUT_STREAM_id_V, i5* %OUTPUT_STREAM_dest_V)

ST_2: stg_23 [1/1] 0.00ns
:19  ret void



============================================================
+ Verbose Summary: Binding
============================================================
STG Binding: 
---------------- STG Properties BEGIN ----------------
- Is combinational: 0
- Is one-state seq: 0
- Is datapath-only: 0
- Is clock enabled: 0
- Is pipelined: 0
- Is top level: 1
Port [ Return ] is wired: 1; IO mode=ap_ctrl_hs:ce=0
Port [ INPUT_STREAM_data_V]:  wired=1; compound=1; hidden=0; nouse=0; global=0; static=0; extern=0; dir=0; type=0; mode=0x2320b39150; pingpong=0; private_global=0; IO mode=axis:ce=0
Port [ INPUT_STREAM_keep_V]:  wired=1; compound=1; hidden=0; nouse=0; global=0; static=0; extern=0; dir=0; type=0; mode=0x2320b382b0; pingpong=0; private_global=0; IO mode=axis:ce=0
Port [ INPUT_STREAM_strb_V]:  wired=1; compound=1; hidden=0; nouse=0; global=0; static=0; extern=0; dir=0; type=0; mode=0x2320b39270; pingpong=0; private_global=0; IO mode=axis:ce=0
Port [ INPUT_STREAM_user_V]:  wired=1; compound=1; hidden=0; nouse=0; global=0; static=0; extern=0; dir=0; type=0; mode=0x2320b39540; pingpong=0; private_global=0; IO mode=axis:ce=0
Port [ INPUT_STREAM_last_V]:  wired=1; compound=1; hidden=0; nouse=0; global=0; static=0; extern=0; dir=0; type=0; mode=0x2320b39420; pingpong=0; private_global=0; IO mode=axis:ce=0
Port [ INPUT_STREAM_id_V]:  wired=1; compound=1; hidden=0; nouse=0; global=0; static=0; extern=0; dir=0; type=0; mode=0x2320b37e30; pingpong=0; private_global=0; IO mode=axis:ce=0
Port [ INPUT_STREAM_dest_V]:  wired=1; compound=1; hidden=0; nouse=0; global=0; static=0; extern=0; dir=0; type=0; mode=0x2320b38b20; pingpong=0; private_global=0; IO mode=axis:ce=0
Port [ OUTPUT_STREAM_data_V]:  wired=1; compound=1; hidden=0; nouse=0; global=0; static=0; extern=0; dir=1; type=0; mode=0x2320b39b70; pingpong=0; private_global=0; IO mode=axis:ce=0
Port [ OUTPUT_STREAM_keep_V]:  wired=1; compound=1; hidden=0; nouse=0; global=0; static=0; extern=0; dir=1; type=0; mode=0x2320b37b60; pingpong=0; private_global=0; IO mode=axis:ce=0
Port [ OUTPUT_STREAM_strb_V]:  wired=1; compound=1; hidden=0; nouse=0; global=0; static=0; extern=0; dir=1; type=0; mode=0x2320b37ad0; pingpong=0; private_global=0; IO mode=axis:ce=0
Port [ OUTPUT_STREAM_user_V]:  wired=1; compound=1; hidden=0; nouse=0; global=0; static=0; extern=0; dir=1; type=0; mode=0x2320b38070; pingpong=0; private_global=0; IO mode=axis:ce=0
Port [ OUTPUT_STREAM_last_V]:  wired=1; compound=1; hidden=0; nouse=0; global=0; static=0; extern=0; dir=1; type=0; mode=0x2320b386a0; pingpong=0; private_global=0; IO mode=axis:ce=0
Port [ OUTPUT_STREAM_id_V]:  wired=1; compound=1; hidden=0; nouse=0; global=0; static=0; extern=0; dir=1; type=0; mode=0x2320b38190; pingpong=0; private_global=0; IO mode=axis:ce=0
Port [ OUTPUT_STREAM_dest_V]:  wired=1; compound=1; hidden=0; nouse=0; global=0; static=0; extern=0; dir=1; type=0; mode=0x2320b394b0; pingpong=0; private_global=0; IO mode=axis:ce=0
---------------- STG Properties END ------------------

---------------- Datapath Model BEGIN ----------------

<LifeTime>
<method=bitvector/>
stg_4  (specbitsmap  ) [ 000]
stg_5  (specbitsmap  ) [ 000]
stg_6  (specbitsmap  ) [ 000]
stg_7  (specbitsmap  ) [ 000]
stg_8  (specbitsmap  ) [ 000]
stg_9  (specbitsmap  ) [ 000]
stg_10 (specbitsmap  ) [ 000]
stg_11 (specbitsmap  ) [ 000]
stg_12 (specbitsmap  ) [ 000]
stg_13 (specbitsmap  ) [ 000]
stg_14 (specbitsmap  ) [ 000]
stg_15 (specbitsmap  ) [ 000]
stg_16 (specbitsmap  ) [ 000]
stg_17 (specbitsmap  ) [ 000]
stg_18 (spectopmodule) [ 000]
stg_19 (specinterface) [ 000]
stg_20 (specinterface) [ 000]
stg_21 (specinterface) [ 000]
stg_22 (call         ) [ 000]
stg_23 (ret          ) [ 000]
</LifeTime>

<model>

<comp_list>
<comp id="0" class="1000" name="INPUT_STREAM_data_V">
<pin_list>
<pin id="1" dir="1" index="0" bw="1" slack="0"/>
</pin_list>
<bind>
<StgValue><ssdm name="INPUT_STREAM_data_V"/></StgValue>
</bind>
</comp>

<comp id="2" class="1000" name="INPUT_STREAM_keep_V">
<pin_list>
<pin id="3" dir="1" index="0" bw="1" slack="0"/>
</pin_list>
<bind>
<StgValue><ssdm name="INPUT_STREAM_keep_V"/></StgValue>
</bind>
</comp>

<comp id="4" class="1000" name="INPUT_STREAM_strb_V">
<pin_list>
<pin id="5" dir="1" index="0" bw="1" slack="0"/>
</pin_list>
<bind>
<StgValue><ssdm name="INPUT_STREAM_strb_V"/></StgValue>
</bind>
</comp>

<comp id="6" class="1000" name="INPUT_STREAM_user_V">
<pin_list>
<pin id="7" dir="1" index="0" bw="1" slack="0"/>
</pin_list>
<bind>
<StgValue><ssdm name="INPUT_STREAM_user_V"/></StgValue>
</bind>
</comp>

<comp id="8" class="1000" name="INPUT_STREAM_last_V">
<pin_list>
<pin id="9" dir="1" index="0" bw="1" slack="0"/>
</pin_list>
<bind>
<StgValue><ssdm name="INPUT_STREAM_last_V"/></StgValue>
</bind>
</comp>

<comp id="10" class="1000" name="INPUT_STREAM_id_V">
<pin_list>
<pin id="11" dir="1" index="0" bw="1" slack="0"/>
</pin_list>
<bind>
<StgValue><ssdm name="INPUT_STREAM_id_V"/></StgValue>
</bind>
</comp>

<comp id="12" class="1000" name="INPUT_STREAM_dest_V">
<pin_list>
<pin id="13" dir="1" index="0" bw="1" slack="0"/>
</pin_list>
<bind>
<StgValue><ssdm name="INPUT_STREAM_dest_V"/></StgValue>
</bind>
</comp>

<comp id="14" class="1000" name="OUTPUT_STREAM_data_V">
<pin_list>
<pin id="15" dir="1" index="0" bw="1" slack="0"/>
</pin_list>
<bind>
<StgValue><ssdm name="OUTPUT_STREAM_data_V"/></StgValue>
</bind>
</comp>

<comp id="16" class="1000" name="OUTPUT_STREAM_keep_V">
<pin_list>
<pin id="17" dir="1" index="0" bw="1" slack="0"/>
</pin_list>
<bind>
<StgValue><ssdm name="OUTPUT_STREAM_keep_V"/></StgValue>
</bind>
</comp>

<comp id="18" class="1000" name="OUTPUT_STREAM_strb_V">
<pin_list>
<pin id="19" dir="1" index="0" bw="1" slack="0"/>
</pin_list>
<bind>
<StgValue><ssdm name="OUTPUT_STREAM_strb_V"/></StgValue>
</bind>
</comp>

<comp id="20" class="1000" name="OUTPUT_STREAM_user_V">
<pin_list>
<pin id="21" dir="1" index="0" bw="1" slack="0"/>
</pin_list>
<bind>
<StgValue><ssdm name="OUTPUT_STREAM_user_V"/></StgValue>
</bind>
</comp>

<comp id="22" class="1000" name="OUTPUT_STREAM_last_V">
<pin_list>
<pin id="23" dir="1" index="0" bw="1" slack="0"/>
</pin_list>
<bind>
<StgValue><ssdm name="OUTPUT_STREAM_last_V"/></StgValue>
</bind>
</comp>

<comp id="24" class="1000" name="OUTPUT_STREAM_id_V">
<pin_list>
<pin id="25" dir="1" index="0" bw="1" slack="0"/>
</pin_list>
<bind>
<StgValue><ssdm name="OUTPUT_STREAM_id_V"/></StgValue>
</bind>
</comp>

<comp id="26" class="1000" name="OUTPUT_STREAM_dest_V">
<pin_list>
<pin id="27" dir="1" index="0" bw="1" slack="0"/>
</pin_list>
<bind>
<StgValue><ssdm name="OUTPUT_STREAM_dest_V"/></StgValue>
</bind>
</comp>

<comp id="28" class="1001" name="const_28">
<pin_list>
<pin id="29" dir="1" index="0" bw="1" slack="0"/>
</pin_list>
<bind>
<StgValue><ssdm name="Conv_Accel_wrapped_conv_hw"/></StgValue>
</bind>
</comp>

<comp id="30" class="1001" name="const_30">
<pin_list>
<pin id="31" dir="1" index="0" bw="1" slack="2147483647"/>
</pin_list>
<bind>
<StgValue><ssdm name="_ssdm_op_SpecBitsMap"/></StgValue>
</bind>
</comp>

<comp id="32" class="1001" name="const_32">
<pin_list>
<pin id="33" dir="1" index="0" bw="1" slack="2147483647"/>
</pin_list>
<bind>
<StgValue><ssdm name="_ssdm_op_SpecTopModule"/></StgValue>
</bind>
</comp>

<comp id="34" class="1001" name="const_34">
<pin_list>
<pin id="35" dir="1" index="0" bw="1" slack="2147483647"/>
</pin_list>
<bind>
<StgValue><ssdm name="Conv_Accel_str"/></StgValue>
</bind>
</comp>

<comp id="36" class="1001" name="const_36">
<pin_list>
<pin id="37" dir="1" index="0" bw="1" slack="2147483647"/>
</pin_list>
<bind>
<StgValue><ssdm name="_ssdm_op_SpecInterface"/></StgValue>
</bind>
</comp>

<comp id="38" class="1001" name="const_38">
<pin_list>
<pin id="39" dir="1" index="0" bw="1" slack="2147483647"/>
</pin_list>
<bind>
<StgValue><ssdm name=""/></StgValue>
</bind>
</comp>

<comp id="40" class="1001" name="const_40">
<pin_list>
<pin id="41" dir="1" index="0" bw="1" slack="2147483647"/>
</pin_list>
<bind>
<StgValue><ssdm name="p_str"/></StgValue>
</bind>
</comp>

<comp id="42" class="1001" name="const_42">
<pin_list>
<pin id="43" dir="1" index="0" bw="1" slack="2147483647"/>
</pin_list>
<bind>
<StgValue><ssdm name="p_str1"/></StgValue>
</bind>
</comp>

<comp id="44" class="1001" name="const_44">
<pin_list>
<pin id="45" dir="1" index="0" bw="1" slack="2147483647"/>
</pin_list>
<bind>
<StgValue><ssdm name="p_str2"/></StgValue>
</bind>
</comp>

<comp id="46" class="1001" name="const_46">
<pin_list>
<pin id="47" dir="1" index="0" bw="1" slack="2147483647"/>
</pin_list>
<bind>
<StgValue><ssdm name="p_str3"/></StgValue>
</bind>
</comp>

<comp id="48" class="1004" name="grp_Conv_Accel_wrapped_conv_hw_fu_48">
<pin_list>
<pin id="49" dir="0" index="0" bw="0" slack="0"/>
<pin id="50" dir="0" index="1" bw="32" slack="0"/>
<pin id="51" dir="0" index="2" bw="4" slack="0"/>
<pin id="52" dir="0" index="3" bw="4" slack="0"/>
<pin id="53" dir="0" index="4" bw="4" slack="0"/>
<pin id="54" dir="0" index="5" bw="1" slack="0"/>
<pin id="55" dir="0" index="6" bw="5" slack="0"/>
<pin id="56" dir="0" index="7" bw="5" slack="0"/>
<pin id="57" dir="0" index="8" bw="32" slack="0"/>
<pin id="58" dir="0" index="9" bw="4" slack="0"/>
<pin id="59" dir="0" index="10" bw="4" slack="0"/>
<pin id="60" dir="0" index="11" bw="4" slack="0"/>
<pin id="61" dir="0" index="12" bw="1" slack="0"/>
<pin id="62" dir="0" index="13" bw="5" slack="0"/>
<pin id="63" dir="0" index="14" bw="5" slack="0"/>
<pin id="64" dir="1" index="15" bw="0" slack="2147483647"/>
</pin_list>
<bind>
<opcode="call(48) " fcode="call"/>
<opset="stg_3/1 "/>
</bind>
</comp>

</comp_list>

<net_list>
<net id="65"><net_src comp="28" pin="0"/><net_sink comp="48" pin=0"/></net>

<net id="66"><net_src comp="0" pin="0"/><net_sink comp="48" pin=1"/></net>

<net id="67"><net_src comp="2" pin="0"/><net_sink comp="48" pin=2"/></net>

<net id="68"><net_src comp="4" pin="0"/><net_sink comp="48" pin=3"/></net>

<net id="69"><net_src comp="6" pin="0"/><net_sink comp="48" pin=4"/></net>

<net id="70"><net_src comp="8" pin="0"/><net_sink comp="48" pin=5"/></net>

<net id="71"><net_src comp="10" pin="0"/><net_sink comp="48" pin=6"/></net>

<net id="72"><net_src comp="12" pin="0"/><net_sink comp="48" pin=7"/></net>

<net id="73"><net_src comp="14" pin="0"/><net_sink comp="48" pin=8"/></net>

<net id="74"><net_src comp="16" pin="0"/><net_sink comp="48" pin=9"/></net>

<net id="75"><net_src comp="18" pin="0"/><net_sink comp="48" pin=10"/></net>

<net id="76"><net_src comp="20" pin="0"/><net_sink comp="48" pin=11"/></net>

<net id="77"><net_src comp="22" pin="0"/><net_sink comp="48" pin=12"/></net>

<net id="78"><net_src comp="24" pin="0"/><net_sink comp="48" pin=13"/></net>

<net id="79"><net_src comp="26" pin="0"/><net_sink comp="48" pin=14"/></net>

</net_list>

</model> 
---------------- Datapath Model END ------------------

* FSMD analyzer results:
  - Output states:
	Port: OUTPUT_STREAM_data_V | {1 2 }
	Port: OUTPUT_STREAM_keep_V | {1 2 }
	Port: OUTPUT_STREAM_strb_V | {1 2 }
	Port: OUTPUT_STREAM_user_V | {1 2 }
	Port: OUTPUT_STREAM_last_V | {1 2 }
	Port: OUTPUT_STREAM_id_V | {1 2 }
	Port: OUTPUT_STREAM_dest_V | {1 2 }
  - Chain level:
	State 1
	State 2


============================================================
+ Verbose Summary: Datapath Resource usage 
============================================================

* Functional unit list:
|----------|--------------------------------------|---------|---------|---------|---------|---------|
| Operation|            Functional Unit           |   BRAM  |  DSP48E |  Delay  |    FF   |   LUT   |
|----------|--------------------------------------|---------|---------|---------|---------|---------|
|   call   | grp_Conv_Accel_wrapped_conv_hw_fu_48 |    14   |    6    |  26.707 |   1170  |   1507  |
|----------|--------------------------------------|---------|---------|---------|---------|---------|
|   Total  |                                      |    14   |    6    |  26.707 |   1170  |   1507  |
|----------|--------------------------------------|---------|---------|---------|---------|---------|

Memories:
N/A

* Register list:
N/A

* Multiplexer (MUX) list: 
|--------|------|------|------|--------|
|  Comp  |  Pin | Size |  BW  | S x BW |
|--------|------|------|------|--------|
|  Total |      |      |      |    0   |
|--------|------|------|------|--------|



* Summary:
+-----------+--------+--------+--------+--------+--------+
|           |  BRAM  | DSP48E |  Delay |   FF   |   LUT  |
+-----------+--------+--------+--------+--------+--------+
|  Function |   14   |    6   |   26   |  1170  |  1507  |
|   Memory  |    -   |    -   |    -   |    -   |    -   |
|Multiplexer|    -   |    -   |    -   |    -   |    -   |
|  Register |    -   |    -   |    -   |    -   |    -   |
+-----------+--------+--------+--------+--------+--------+
|   Total   |   14   |    6   |   26   |  1170  |  1507  |
+-----------+--------+--------+--------+--------+--------+
