14:38:07 INFO  : Launching XSDB server: xsdb.bat C:/Xilinx/SDK/2015.3/scripts/xsdb/xsdb/xsdb-server.tcl
14:38:11 INFO  : XSDB server has started successfully.
14:38:14 INFO  : Processing command line option -hwspec C:/Users/user/Desktop/project_1/project_1.sdk/hw2_wrapper.hdf.
15:04:54 INFO  : 'targets -set -filter {jtag_cable_name =~ "Digilent Zed 210248452034" && level==0} -index 1' command is executed.
15:04:55 INFO  : 'fpga -state' command is executed.
15:05:06 INFO  : Connected to target on host '127.0.0.1' and port '3121'.
15:05:06 INFO  : Sourcing of 'C:/Users/user/Desktop/project_1/project_1.sdk/hw2_wrapper_hw_platform_0/ps7_init.tcl' is done.
15:05:07 INFO  : 'targets -set -filter {name =~"APU" && jtag_cable_name =~ "Digilent Zed 210248452034"} -index 0' command is executed.
15:05:08 INFO  : Hardware design information is loaded from 'C:/Users/user/Desktop/project_1/project_1.sdk/hw2_wrapper_hw_platform_0/system.hdf'.
15:05:08 INFO  : 'targets -set -filter {name =~"APU" && jtag_cable_name =~ "Digilent Zed 210248452034"} -index 0' command is executed.
15:05:49 INFO  : 'ps7_init' command is executed.
15:05:49 INFO  : 'ps7_post_config' command is executed.
15:05:49 INFO  : ----------------XSDB Script----------------
connect -url tcp:127.0.0.1:3121
source C:/Users/user/Desktop/project_1/project_1.sdk/hw2_wrapper_hw_platform_0/ps7_init.tcl
targets -set -filter {name =~"APU" && jtag_cable_name =~ "Digilent Zed 210248452034"} -index 0
loadhw C:/Users/user/Desktop/project_1/project_1.sdk/hw2_wrapper_hw_platform_0/system.hdf
targets -set -filter {name =~"APU" && jtag_cable_name =~ "Digilent Zed 210248452034"} -index 0
ps7_init
ps7_post_config
----------------End of Script----------------

15:05:50 INFO  : Disconnected from the channel tcfchan#1.
15:07:19 INFO  : 'targets -set -filter {jtag_cable_name =~ "Digilent Zed 210248452034" && level==0} -index 1' command is executed.
15:07:19 INFO  : 'fpga -state' command is executed.
15:16:43 INFO  : 'targets -set -filter {jtag_cable_name =~ "Digilent Zed 210248452034" && level==0} -index 1' command is executed.
15:16:43 INFO  : 'fpga -state' command is executed.
15:18:50 INFO  : 'targets -set -filter {jtag_cable_name =~ "Digilent Zed 210248452034" && level==0} -index 1' command is executed.
15:18:50 INFO  : 'fpga -state' command is executed.
15:18:52 INFO  : Connected to target on host '127.0.0.1' and port '3121'.
15:18:52 INFO  : Sourcing of 'C:/Users/user/Desktop/project_1/project_1.sdk/hw2_wrapper_hw_platform_0/ps7_init.tcl' is done.
15:18:53 INFO  : 'targets -set -filter {name =~"APU" && jtag_cable_name =~ "Digilent Zed 210248452034"} -index 0' command is executed.
15:18:53 INFO  : Hardware design information is loaded from 'C:/Users/user/Desktop/project_1/project_1.sdk/hw2_wrapper_hw_platform_0/system.hdf'.
15:18:54 INFO  : 'targets -set -filter {name =~"APU" && jtag_cable_name =~ "Digilent Zed 210248452034"} -index 0' command is executed.
15:19:31 INFO  : 'ps7_init' command is executed.
15:19:32 INFO  : 'ps7_post_config' command is executed.
15:19:32 INFO  : ----------------XSDB Script----------------
connect -url tcp:127.0.0.1:3121
source C:/Users/user/Desktop/project_1/project_1.sdk/hw2_wrapper_hw_platform_0/ps7_init.tcl
targets -set -filter {name =~"APU" && jtag_cable_name =~ "Digilent Zed 210248452034"} -index 0
loadhw C:/Users/user/Desktop/project_1/project_1.sdk/hw2_wrapper_hw_platform_0/system.hdf
targets -set -filter {name =~"APU" && jtag_cable_name =~ "Digilent Zed 210248452034"} -index 0
ps7_init
ps7_post_config
----------------End of Script----------------

15:19:32 INFO  : Disconnected from the channel tcfchan#2.
15:30:48 INFO  : Launching XSDB server: xsdb.bat C:/Xilinx/SDK/2015.3/scripts/xsdb/xsdb/xsdb-server.tcl
15:30:51 INFO  : XSDB server has started successfully.
15:30:54 INFO  : Processing command line option -hwspec C:/Users/user/Desktop/project_1/project_1.sdk/hw2_wrapper.hdf.
15:30:54 INFO  : Checking for hwspec changes in the project hw2_wrapper_hw_platform_0.
15:34:04 INFO  : Launching XSDB server: xsdb.bat C:/Xilinx/SDK/2015.3/scripts/xsdb/xsdb/xsdb-server.tcl
15:34:06 INFO  : XSDB server has started successfully.
15:34:09 INFO  : Processing command line option -hwspec C:/Users/user/Desktop/project_1/project_1.sdk/hw2_wrapper.hdf.
15:36:08 INFO  : System reset is completed.
15:36:11 INFO  : FPGA configured successfully with bitstream "C:/Users/user/Desktop/project_1/project_1.sdk/hw2_wrapper_hw_platform_0/hw2_wrapper.bit"
15:36:13 INFO  : ps7_init is completed.
15:36:13 INFO  : ps7_post_config is completed.
15:36:17 ERROR : Unexpected error while launching program.
java.lang.RuntimeException: Failed to download ELF file


    AP transaction error (DP CTRL_STAT=0xf0000021)
    Error Address = 0x00100000, Size = 0x00000004


	at com.xilinx.sdk.targetmanager.internal.TM.downloadELF(TM.java:686)
	at com.xilinx.sdk.debug.core.internal.AppRunner.run(AppRunner.java:129)
	at com.xilinx.sdk.debug.core.XilinxAppLaunchConfigurationDelegate.runApplication(XilinxAppLaunchConfigurationDelegate.java:609)
	at com.xilinx.sdk.debug.core.XilinxAppLaunchConfigurationDelegate.launch(XilinxAppLaunchConfigurationDelegate.java:296)
	at com.xilinx.sdk.debug.ui.XilinxAppLaunchDelegateWrapper.launch(XilinxAppLaunchDelegateWrapper.java:31)
	at org.eclipse.debug.internal.core.LaunchConfiguration.launch(LaunchConfiguration.java:858)
	at org.eclipse.debug.internal.core.LaunchConfiguration.launch(LaunchConfiguration.java:707)
	at org.eclipse.debug.internal.ui.DebugUIPlugin.buildAndLaunch(DebugUIPlugin.java:1018)
	at org.eclipse.debug.internal.ui.DebugUIPlugin$8.run(DebugUIPlugin.java:1222)
	at org.eclipse.core.internal.jobs.Worker.run(Worker.java:53)
15:40:23 ERROR : Unexpected error while parsing XMD response ?: com.google.gson.JsonSyntaxException: com.google.gson.stream.MalformedJsonException: invalid number or unquoted string near 
15:40:45 INFO  : Launching XSDB server: xsdb.bat C:/Xilinx/SDK/2015.3/scripts/xsdb/xsdb/xsdb-server.tcl
15:40:47 INFO  : XSDB server has started successfully.
15:40:56 INFO  : Processing command line option -hwspec C:/Users/user/Desktop/project_1/project_1.sdk/hw2_wrapper.hdf.
15:40:59 INFO  : Checking for hwspec changes in the project hw2_wrapper_hw_platform_0.
15:41:38 INFO  : System reset is completed.
15:41:42 INFO  : FPGA configured successfully with bitstream "C:/Users/user/Desktop/project_1/project_1.sdk/hw2_wrapper_hw_platform_0/hw2_wrapper.bit"
15:41:44 INFO  : ps7_init is completed.
15:41:44 INFO  : ps7_post_config is completed.
15:42:55 INFO  : ps7_cortexa9_0 Processor is in use. Please stop existing Run or Debug sessions before launching.
15:42:58 INFO  : System reset is completed.
15:43:03 INFO  : FPGA configured successfully with bitstream "C:/Users/user/Desktop/project_1/project_1.sdk/hw2_wrapper_hw_platform_0/hw2_wrapper.bit"
15:43:04 INFO  : ps7_init is completed.
15:43:05 INFO  : ps7_post_config is completed.
15:43:09 ERROR : Unexpected error while launching program.
java.lang.RuntimeException: Failed to download ELF file


    AP transaction error (DP CTRL_STAT=0xf0000021)
    Error Address = 0x00100000, Size = 0x00000004


	at com.xilinx.sdk.targetmanager.internal.TM.downloadELF(TM.java:686)
	at com.xilinx.sdk.debug.core.internal.AppRunner.run(AppRunner.java:129)
	at com.xilinx.sdk.debug.core.XilinxAppLaunchConfigurationDelegate.runApplication(XilinxAppLaunchConfigurationDelegate.java:609)
	at com.xilinx.sdk.debug.core.XilinxAppLaunchConfigurationDelegate.launch(XilinxAppLaunchConfigurationDelegate.java:296)
	at com.xilinx.sdk.debug.ui.XilinxAppLaunchDelegateWrapper.launch(XilinxAppLaunchDelegateWrapper.java:31)
	at org.eclipse.debug.internal.core.LaunchConfiguration.launch(LaunchConfiguration.java:858)
	at org.eclipse.debug.internal.core.LaunchConfiguration.launch(LaunchConfiguration.java:707)
	at org.eclipse.debug.internal.ui.DebugUIPlugin.buildAndLaunch(DebugUIPlugin.java:1018)
	at org.eclipse.debug.internal.ui.DebugUIPlugin$8.run(DebugUIPlugin.java:1222)
	at org.eclipse.core.internal.jobs.Worker.run(Worker.java:53)
17:12:25 INFO  : Launching XSDB server: xsdb.bat C:/Xilinx/SDK/2015.3/scripts/xsdb/xsdb/xsdb-server.tcl
17:13:38 INFO  : Launching XSDB server: xsdb.bat C:/Xilinx/SDK/2015.3/scripts/xsdb/xsdb/xsdb-server.tcl
17:13:41 INFO  : XSDB server has started successfully.
17:13:44 INFO  : Processing command line option -hwspec C:/Users/user/Desktop/project_1/project_1.sdk/hw2_wrapper.hdf.
17:15:25 ERROR : Timed out. 180 seconds have elapsed while waiting for XSDB server to launch.
17:15:25 ERROR : Failed to get all peripherals
java.lang.Exception: java.lang.Error: Channel is waiting for Hello message
	at org.eclipse.tcf.core.Command.<init>(Command.java:83)
	at com.xilinx.sdk.xsdb.XSDBCommandManager$8.<init>(XSDBCommandManager.java:384)
	at com.xilinx.sdk.xsdb.XSDBCommandManager.issueTcfCmd(XSDBCommandManager.java:384)
	at com.xilinx.sdk.xsdb.XSDBCommandManager.access$4(XSDBCommandManager.java:381)
	at com.xilinx.sdk.xsdb.XSDBCommandManager$7.run(XSDBCommandManager.java:376)
	at org.eclipse.tcf.EventQueue.run(EventQueue.java:95)
	at java.lang.Thread.run(Thread.java:745)
Caused by: java.lang.Error: Channel is waiting for Hello message
	at org.eclipse.tcf.core.AbstractChannel.sendCommand(AbstractChannel.java:874)
	at org.eclipse.tcf.core.Command.<init>(Command.java:79)
	... 6 more
17:15:25 ERROR : Unable to disconnect from existing targets
java.lang.RuntimeException: Failed to get all peripherals
	at com.xilinx.sdk.xsdb.XsdbCommandUtils.handleResult(XsdbCommandUtils.java:298)
	at com.xilinx.sdk.xsdb.XsdbCommandUtils.executeAndRespond(XsdbCommandUtils.java:248)
	at com.xilinx.sdk.hw.internal.HwPlatform.populatePeripheralDetails(HwPlatform.java:655)
	at com.xilinx.sdk.hw.internal.HwPlatform.getProcessorNames(HwPlatform.java:525)
	at com.xilinx.sdk.targetmanager.internal.TM.disconnectExistingTargets(TM.java:299)
	at com.xilinx.sdk.targetmanager.internal.TM.terminate(TM.java:212)
	at com.xilinx.sdk.targetmanager.TMPlugin.stop(TMPlugin.java:58)
	at org.eclipse.osgi.framework.internal.core.BundleContextImpl$2.run(BundleContextImpl.java:771)
	at java.security.AccessController.doPrivileged(Native Method)
	at org.eclipse.osgi.framework.internal.core.BundleContextImpl.stop(BundleContextImpl.java:764)
	at org.eclipse.osgi.framework.internal.core.BundleHost.stopWorker(BundleHost.java:510)
	at org.eclipse.osgi.framework.internal.core.AbstractBundle.suspend(AbstractBundle.java:566)
	at org.eclipse.osgi.framework.internal.core.Framework.suspendBundle(Framework.java:1206)
	at org.eclipse.osgi.framework.internal.core.StartLevelManager.decFWSL(StartLevelManager.java:592)
	at org.eclipse.osgi.framework.internal.core.StartLevelManager.doSetStartLevel(StartLevelManager.java:257)
	at org.eclipse.osgi.framework.internal.core.StartLevelManager.shutdown(StartLevelManager.java:215)
	at org.eclipse.osgi.framework.internal.core.InternalSystemBundle.suspend(InternalSystemBundle.java:284)
	at org.eclipse.osgi.framework.internal.core.Framework.shutdown(Framework.java:692)
	at org.eclipse.osgi.framework.internal.core.Framework.close(Framework.java:600)
	at org.eclipse.core.runtime.adaptor.EclipseStarter.shutdown(EclipseStarter.java:400)
	at org.eclipse.core.runtime.adaptor.EclipseStarter.run(EclipseStarter.java:200)
	at sun.reflect.NativeMethodAccessorImpl.invoke0(Native Method)
	at sun.reflect.NativeMethodAccessorImpl.invoke(NativeMethodAccessorImpl.java:62)
	at sun.reflect.DelegatingMethodAccessorImpl.invoke(DelegatingMethodAccessorImpl.java:43)
	at java.lang.reflect.Method.invoke(Method.java:497)
	at org.eclipse.equinox.launcher.Main.invokeFramework(Main.java:636)
	at org.eclipse.equinox.launcher.Main.basicRun(Main.java:591)
	at org.eclipse.equinox.launcher.Main.run(Main.java:1450)
Caused by: java.lang.Exception: java.lang.Error: Channel is waiting for Hello message
	at org.eclipse.tcf.core.Command.<init>(Command.java:83)
	at com.xilinx.sdk.xsdb.XSDBCommandManager$8.<init>(XSDBCommandManager.java:384)
	at com.xilinx.sdk.xsdb.XSDBCommandManager.issueTcfCmd(XSDBCommandManager.java:384)
	at com.xilinx.sdk.xsdb.XSDBCommandManager.access$4(XSDBCommandManager.java:381)
	at com.xilinx.sdk.xsdb.XSDBCommandManager$7.run(XSDBCommandManager.java:376)
	at org.eclipse.tcf.EventQueue.run(EventQueue.java:95)
	at java.lang.Thread.run(Thread.java:745)
Caused by: java.lang.Error: Channel is waiting for Hello message
	at org.eclipse.tcf.core.AbstractChannel.sendCommand(AbstractChannel.java:874)
	at org.eclipse.tcf.core.Command.<init>(Command.java:79)
	... 6 more
17:15:25 ERROR : Unexpected error while parsing XMD response ?: com.google.gson.JsonSyntaxException: com.google.gson.stream.MalformedJsonException: invalid number or unquoted string near 
17:19:12 INFO  : System reset is completed.
17:19:17 INFO  : FPGA configured successfully with bitstream "C:/Users/user/Desktop/project_1/project_1.sdk/hw2_wrapper_hw_platform_0/hw2_wrapper.bit"
17:19:19 INFO  : ps7_init is completed.
17:19:19 INFO  : ps7_post_config is completed.
19:16:40 INFO  : System reset is completed.
19:16:45 INFO  : FPGA configured successfully with bitstream "C:/Users/user/Desktop/project_1/project_1.sdk/hw2_wrapper_hw_platform_0/hw2_wrapper.bit"
19:16:50 INFO  : ps7_init is completed.
19:16:50 INFO  : ps7_post_config is completed.
19:19:38 INFO  : System reset is completed.
19:19:42 INFO  : FPGA configured successfully with bitstream "C:/Users/user/Desktop/project_1/project_1.sdk/hw2_wrapper_hw_platform_0/hw2_wrapper.bit"
19:19:48 INFO  : ps7_init is completed.
19:19:48 INFO  : ps7_post_config is completed.
19:20:27 INFO  : ps7_cortexa9_0 Processor is in use. Please stop existing Run or Debug sessions before launching.
19:20:33 INFO  : System reset is completed.
19:20:38 INFO  : FPGA configured successfully with bitstream "C:/Users/user/Desktop/project_1/project_1.sdk/hw2_wrapper_hw_platform_0/hw2_wrapper.bit"
19:20:45 INFO  : ps7_init is completed.
19:20:45 INFO  : ps7_post_config is completed.
19:21:46 INFO  : ps7_cortexa9_0 Processor is in use. Please stop existing Run or Debug sessions before launching.
19:21:53 INFO  : System reset is completed.
19:21:55 ERROR : FPGA Configuration failed.Failed to download the bit file

    Failed to configure device 2 (xc7z020) with bitstream C:/Users/user/Desktop/project_1/project_1.sdk/hw2_wrapper_hw_platform_0/hw2_wrapper.bit
    Reason: Server disconnected during TCF command


19:21:55 ERROR : Exception occured while running Program FPGA.
java.lang.RuntimeException: Failed to download the bit file

    Failed to configure device 2 (xc7z020) with bitstream C:/Users/user/Desktop/project_1/project_1.sdk/hw2_wrapper_hw_platform_0/hw2_wrapper.bit
    Reason: Server disconnected during TCF command


19:21:55 ERROR : Unexpected error while launching program.
java.lang.RuntimeException: Failed to download the bit file

    Failed to configure device 2 (xc7z020) with bitstream C:/Users/user/Desktop/project_1/project_1.sdk/hw2_wrapper_hw_platform_0/hw2_wrapper.bit
    Reason: Server disconnected during TCF command


	at com.xilinx.sdk.debug.core.XilinxAppLaunchConfigurationDelegate.runTargetSetup(XilinxAppLaunchConfigurationDelegate.java:458)
	at com.xilinx.sdk.debug.core.XilinxAppLaunchConfigurationDelegate.runApplication(XilinxAppLaunchConfigurationDelegate.java:588)
	at com.xilinx.sdk.debug.core.XilinxAppLaunchConfigurationDelegate.launch(XilinxAppLaunchConfigurationDelegate.java:296)
	at com.xilinx.sdk.debug.ui.XilinxAppLaunchDelegateWrapper.launch(XilinxAppLaunchDelegateWrapper.java:31)
	at org.eclipse.debug.internal.core.LaunchConfiguration.launch(LaunchConfiguration.java:858)
	at org.eclipse.debug.internal.core.LaunchConfiguration.launch(LaunchConfiguration.java:707)
	at org.eclipse.debug.internal.ui.DebugUIPlugin.buildAndLaunch(DebugUIPlugin.java:1018)
	at org.eclipse.debug.internal.ui.DebugUIPlugin$8.run(DebugUIPlugin.java:1222)
	at org.eclipse.core.internal.jobs.Worker.run(Worker.java:53)
19:22:28 INFO  : System reset is completed.
19:22:31 ERROR : FPGA Configuration failed.Failed to download the bit file

    Failed to configure device 2 (xc7z020) with bitstream C:/Users/user/Desktop/project_1/project_1.sdk/hw2_wrapper_hw_platform_0/hw2_wrapper.bit
    Reason: Programming initialization failed


19:22:31 ERROR : Exception occured while running Program FPGA.
java.lang.RuntimeException: Failed to download the bit file

    Failed to configure device 2 (xc7z020) with bitstream C:/Users/user/Desktop/project_1/project_1.sdk/hw2_wrapper_hw_platform_0/hw2_wrapper.bit
    Reason: Programming initialization failed


19:22:31 ERROR : Unexpected error while launching program.
java.lang.RuntimeException: Failed to download the bit file

    Failed to configure device 2 (xc7z020) with bitstream C:/Users/user/Desktop/project_1/project_1.sdk/hw2_wrapper_hw_platform_0/hw2_wrapper.bit
    Reason: Programming initialization failed


	at com.xilinx.sdk.debug.core.XilinxAppLaunchConfigurationDelegate.runTargetSetup(XilinxAppLaunchConfigurationDelegate.java:458)
	at com.xilinx.sdk.debug.core.XilinxAppLaunchConfigurationDelegate.runApplication(XilinxAppLaunchConfigurationDelegate.java:588)
	at com.xilinx.sdk.debug.core.XilinxAppLaunchConfigurationDelegate.launch(XilinxAppLaunchConfigurationDelegate.java:296)
	at com.xilinx.sdk.debug.ui.XilinxAppLaunchDelegateWrapper.launch(XilinxAppLaunchDelegateWrapper.java:31)
	at org.eclipse.debug.internal.core.LaunchConfiguration.launch(LaunchConfiguration.java:858)
	at org.eclipse.debug.internal.core.LaunchConfiguration.launch(LaunchConfiguration.java:707)
	at org.eclipse.debug.internal.ui.DebugUIPlugin.buildAndLaunch(DebugUIPlugin.java:1018)
	at org.eclipse.debug.internal.ui.DebugUIPlugin$8.run(DebugUIPlugin.java:1222)
	at org.eclipse.core.internal.jobs.Worker.run(Worker.java:53)
19:24:00 INFO  : Time out for XMD transaction is 60000
If you want to increase the timeout value, goto Windows-> Preferences -> Xilinx SDK -> XMD Startup
19:24:00 ERROR : Timeout occured while waiting to get reply for command "xconnect arm hw -cable type xilinx_tcf url TCP:127.0.0.1:3121 -debugdevice cpunr 1"
19:24:00 ERROR : Unexpected error while launching program.
com.xilinx.sdk.targetmanager.TMException: 
	at com.xilinx.sdk.targetmanager.internal.TM.connectToProcessor(TM.java:484)
	at com.xilinx.sdk.debug.core.XilinxAppLaunchConfigurationDelegate.runTargetSetup(XilinxAppLaunchConfigurationDelegate.java:436)
	at com.xilinx.sdk.debug.core.XilinxAppLaunchConfigurationDelegate.runApplication(XilinxAppLaunchConfigurationDelegate.java:588)
	at com.xilinx.sdk.debug.core.XilinxAppLaunchConfigurationDelegate.launch(XilinxAppLaunchConfigurationDelegate.java:296)
	at com.xilinx.sdk.debug.ui.XilinxAppLaunchDelegateWrapper.launch(XilinxAppLaunchDelegateWrapper.java:31)
	at org.eclipse.debug.internal.core.LaunchConfiguration.launch(LaunchConfiguration.java:858)
	at org.eclipse.debug.internal.core.LaunchConfiguration.launch(LaunchConfiguration.java:707)
	at org.eclipse.debug.internal.ui.DebugUIPlugin.buildAndLaunch(DebugUIPlugin.java:1018)
	at org.eclipse.debug.internal.ui.DebugUIPlugin$8.run(DebugUIPlugin.java:1222)
	at org.eclipse.core.internal.jobs.Worker.run(Worker.java:53)
19:25:30 INFO  : Time out for XMD transaction is 60000
If you want to increase the timeout value, goto Windows-> Preferences -> Xilinx SDK -> XMD Startup
19:25:30 ERROR : Timeout occured while waiting to get reply for command "source C:/Users/user/Desktop/project_1/project_1.sdk/hw2_wrapper_hw_platform_0/ps7_init.tcl"
19:25:30 ERROR : Unexpected error while launching program.
java.lang.RuntimeException: Error while sourcing C:/Users/user/Desktop/project_1/project_1.sdk/hw2_wrapper_hw_platform_0/ps7_init.tcl : 
	at com.xilinx.sdk.targetmanager.internal.TM.sourceTcl(TM.java:1021)
	at com.xilinx.sdk.debug.core.XilinxAppLaunchConfigurationDelegate.runTargetSetup(XilinxAppLaunchConfigurationDelegate.java:413)
	at com.xilinx.sdk.debug.core.XilinxAppLaunchConfigurationDelegate.runApplication(XilinxAppLaunchConfigurationDelegate.java:588)
	at com.xilinx.sdk.debug.core.XilinxAppLaunchConfigurationDelegate.launch(XilinxAppLaunchConfigurationDelegate.java:296)
	at com.xilinx.sdk.debug.ui.XilinxAppLaunchDelegateWrapper.launch(XilinxAppLaunchDelegateWrapper.java:31)
	at org.eclipse.debug.internal.core.LaunchConfiguration.launch(LaunchConfiguration.java:858)
	at org.eclipse.debug.internal.core.LaunchConfiguration.launch(LaunchConfiguration.java:707)
	at org.eclipse.debug.internal.ui.DebugUIPlugin.buildAndLaunch(DebugUIPlugin.java:1018)
	at org.eclipse.debug.internal.ui.DebugUIPlugin$8.run(DebugUIPlugin.java:1222)
	at org.eclipse.core.internal.jobs.Worker.run(Worker.java:53)
19:28:25 INFO  : Time out for XMD transaction is 60000
If you want to increase the timeout value, goto Windows-> Preferences -> Xilinx SDK -> XMD Startup
19:28:25 ERROR : Timeout occured while waiting to get reply for command "source C:/Users/user/Desktop/project_1/project_1.sdk/hw2_wrapper_hw_platform_0/ps7_init.tcl"
19:28:25 ERROR : Unexpected error while launching program.
java.lang.RuntimeException: Error while sourcing C:/Users/user/Desktop/project_1/project_1.sdk/hw2_wrapper_hw_platform_0/ps7_init.tcl : 
	at com.xilinx.sdk.targetmanager.internal.TM.sourceTcl(TM.java:1021)
	at com.xilinx.sdk.debug.core.XilinxAppLaunchConfigurationDelegate.runTargetSetup(XilinxAppLaunchConfigurationDelegate.java:413)
	at com.xilinx.sdk.debug.core.XilinxAppLaunchConfigurationDelegate.runApplication(XilinxAppLaunchConfigurationDelegate.java:588)
	at com.xilinx.sdk.debug.core.XilinxAppLaunchConfigurationDelegate.launch(XilinxAppLaunchConfigurationDelegate.java:296)
	at com.xilinx.sdk.debug.ui.XilinxAppLaunchDelegateWrapper.launch(XilinxAppLaunchDelegateWrapper.java:31)
	at org.eclipse.debug.internal.core.LaunchConfiguration.launch(LaunchConfiguration.java:858)
	at org.eclipse.debug.internal.core.LaunchConfiguration.launch(LaunchConfiguration.java:707)
	at org.eclipse.debug.internal.ui.DebugUIPlugin.buildAndLaunch(DebugUIPlugin.java:1018)
	at org.eclipse.debug.internal.ui.DebugUIPlugin$8.run(DebugUIPlugin.java:1222)
	at org.eclipse.core.internal.jobs.Worker.run(Worker.java:53)
19:29:59 INFO  : Time out for XMD transaction is 60000
If you want to increase the timeout value, goto Windows-> Preferences -> Xilinx SDK -> XMD Startup
19:29:59 ERROR : Timeout occured while waiting to get reply for command "source C:/Users/user/Desktop/project_1/project_1.sdk/hw2_wrapper_hw_platform_0/ps7_init.tcl"
19:29:59 ERROR : Unexpected error while launching program.
java.lang.RuntimeException: Error while sourcing C:/Users/user/Desktop/project_1/project_1.sdk/hw2_wrapper_hw_platform_0/ps7_init.tcl : 
	at com.xilinx.sdk.targetmanager.internal.TM.sourceTcl(TM.java:1021)
	at com.xilinx.sdk.debug.core.XilinxAppLaunchConfigurationDelegate.runTargetSetup(XilinxAppLaunchConfigurationDelegate.java:413)
	at com.xilinx.sdk.debug.core.XilinxAppLaunchConfigurationDelegate.runApplication(XilinxAppLaunchConfigurationDelegate.java:588)
	at com.xilinx.sdk.debug.core.XilinxAppLaunchConfigurationDelegate.launch(XilinxAppLaunchConfigurationDelegate.java:296)
	at com.xilinx.sdk.debug.ui.XilinxAppLaunchDelegateWrapper.launch(XilinxAppLaunchDelegateWrapper.java:31)
	at org.eclipse.debug.internal.core.LaunchConfiguration.launch(LaunchConfiguration.java:858)
	at org.eclipse.debug.internal.core.LaunchConfiguration.launch(LaunchConfiguration.java:707)
	at org.eclipse.debug.internal.ui.DebugUIPlugin.buildAndLaunch(DebugUIPlugin.java:1018)
	at org.eclipse.debug.internal.ui.DebugUIPlugin$8.run(DebugUIPlugin.java:1222)
	at org.eclipse.core.internal.jobs.Worker.run(Worker.java:53)
19:30:52 INFO  : Launching XSDB server: xsdb.bat C:/Xilinx/SDK/2015.3/scripts/xsdb/xsdb/xsdb-server.tcl
19:30:57 INFO  : XSDB server has started successfully.
19:31:01 INFO  : Processing command line option -hwspec C:/Users/user/Desktop/project_1/project_1.sdk/hw2_wrapper.hdf.
19:31:01 INFO  : Checking for hwspec changes in the project hw2_wrapper_hw_platform_0.
19:31:36 WARN  : Unable to obtain port 2350 for use by XMD, java.net.SocketException: Unrecognized Windows Sockets error: 0: JVM_Bind
19:32:45 INFO  : Time out for XMD transaction is 60000
If you want to increase the timeout value, goto Windows-> Preferences -> Xilinx SDK -> XMD Startup
19:32:45 ERROR : Timeout occured while waiting to get reply for command "xconnect arm hw -cable type xilinx_tcf url TCP:127.0.0.1:3121 -debugdevice cpunr 1"
19:32:45 ERROR : Unexpected error while launching program.
com.xilinx.sdk.targetmanager.TMException: 
	at com.xilinx.sdk.targetmanager.internal.TM.connectToProcessor(TM.java:484)
	at com.xilinx.sdk.debug.core.XilinxAppLaunchConfigurationDelegate.runTargetSetup(XilinxAppLaunchConfigurationDelegate.java:436)
	at com.xilinx.sdk.debug.core.XilinxAppLaunchConfigurationDelegate.runApplication(XilinxAppLaunchConfigurationDelegate.java:588)
	at com.xilinx.sdk.debug.core.XilinxAppLaunchConfigurationDelegate.launch(XilinxAppLaunchConfigurationDelegate.java:296)
	at com.xilinx.sdk.debug.ui.XilinxAppLaunchDelegateWrapper.launch(XilinxAppLaunchDelegateWrapper.java:31)
	at org.eclipse.debug.internal.core.LaunchConfiguration.launch(LaunchConfiguration.java:858)
	at org.eclipse.debug.internal.core.LaunchConfiguration.launch(LaunchConfiguration.java:707)
	at org.eclipse.debug.internal.ui.DebugUIPlugin.buildAndLaunch(DebugUIPlugin.java:1018)
	at org.eclipse.debug.internal.ui.DebugUIPlugin$8.run(DebugUIPlugin.java:1222)
	at org.eclipse.core.internal.jobs.Worker.run(Worker.java:53)
19:35:17 INFO  : Time out for XMD transaction is 60000
If you want to increase the timeout value, goto Windows-> Preferences -> Xilinx SDK -> XMD Startup
19:35:17 ERROR : Timeout occured while waiting to get reply for command "source C:/Users/user/Desktop/project_1/project_1.sdk/hw2_wrapper_hw_platform_0/ps7_init.tcl"
19:35:17 ERROR : Unexpected error while launching program.
java.lang.RuntimeException: Error while sourcing C:/Users/user/Desktop/project_1/project_1.sdk/hw2_wrapper_hw_platform_0/ps7_init.tcl : 
	at com.xilinx.sdk.targetmanager.internal.TM.sourceTcl(TM.java:1021)
	at com.xilinx.sdk.debug.core.XilinxAppLaunchConfigurationDelegate.runTargetSetup(XilinxAppLaunchConfigurationDelegate.java:413)
	at com.xilinx.sdk.debug.core.XilinxAppLaunchConfigurationDelegate.runApplication(XilinxAppLaunchConfigurationDelegate.java:588)
	at com.xilinx.sdk.debug.core.XilinxAppLaunchConfigurationDelegate.launch(XilinxAppLaunchConfigurationDelegate.java:296)
	at com.xilinx.sdk.debug.ui.XilinxAppLaunchDelegateWrapper.launch(XilinxAppLaunchDelegateWrapper.java:31)
	at org.eclipse.debug.internal.core.LaunchConfiguration.launch(LaunchConfiguration.java:858)
	at org.eclipse.debug.internal.core.LaunchConfiguration.launch(LaunchConfiguration.java:707)
	at org.eclipse.debug.internal.ui.DebugUIPlugin.buildAndLaunch(DebugUIPlugin.java:1018)
	at org.eclipse.debug.internal.ui.DebugUIPlugin$8.run(DebugUIPlugin.java:1222)
	at org.eclipse.core.internal.jobs.Worker.run(Worker.java:53)
19:37:52 INFO  : Time out for XMD transaction is 60000
If you want to increase the timeout value, goto Windows-> Preferences -> Xilinx SDK -> XMD Startup
19:37:52 ERROR : Timeout occured while waiting to get reply for command "source C:/Users/user/Desktop/project_1/project_1.sdk/hw2_wrapper_hw_platform_0/ps7_init.tcl"
19:37:52 ERROR : Unexpected error while launching program.
java.lang.RuntimeException: Error while sourcing C:/Users/user/Desktop/project_1/project_1.sdk/hw2_wrapper_hw_platform_0/ps7_init.tcl : 
	at com.xilinx.sdk.targetmanager.internal.TM.sourceTcl(TM.java:1021)
	at com.xilinx.sdk.debug.core.XilinxAppLaunchConfigurationDelegate.runTargetSetup(XilinxAppLaunchConfigurationDelegate.java:413)
	at com.xilinx.sdk.debug.core.XilinxAppLaunchConfigurationDelegate.runApplication(XilinxAppLaunchConfigurationDelegate.java:588)
	at com.xilinx.sdk.debug.core.XilinxAppLaunchConfigurationDelegate.launch(XilinxAppLaunchConfigurationDelegate.java:296)
	at com.xilinx.sdk.debug.ui.XilinxAppLaunchDelegateWrapper.launch(XilinxAppLaunchDelegateWrapper.java:31)
	at org.eclipse.debug.internal.core.LaunchConfiguration.launch(LaunchConfiguration.java:858)
	at org.eclipse.debug.internal.core.LaunchConfiguration.launch(LaunchConfiguration.java:707)
	at org.eclipse.debug.internal.ui.DebugUIPlugin.buildAndLaunch(DebugUIPlugin.java:1018)
	at org.eclipse.debug.internal.ui.DebugUIPlugin$8.run(DebugUIPlugin.java:1222)
	at org.eclipse.core.internal.jobs.Worker.run(Worker.java:53)
19:40:11 ERROR : Unexpected error while launching program.
com.xilinx.sdk.targetmanager.TMException: 
    Failed to connect to Xilinx hw_server at TCP:127.0.0.1:3121
.    Check if
     1. the hw_server is running and correct TCP port is used
     2. the board is powered on and JTAG cable is connected.

	at com.xilinx.sdk.targetmanager.internal.TM.connectToProcessor(TM.java:484)
	at com.xilinx.sdk.debug.core.XilinxAppLaunchConfigurationDelegate.runTargetSetup(XilinxAppLaunchConfigurationDelegate.java:436)
	at com.xilinx.sdk.debug.core.XilinxAppLaunchConfigurationDelegate.runApplication(XilinxAppLaunchConfigurationDelegate.java:588)
	at com.xilinx.sdk.debug.core.XilinxAppLaunchConfigurationDelegate.launch(XilinxAppLaunchConfigurationDelegate.java:296)
	at com.xilinx.sdk.debug.ui.XilinxAppLaunchDelegateWrapper.launch(XilinxAppLaunchDelegateWrapper.java:31)
	at org.eclipse.debug.internal.core.LaunchConfiguration.launch(LaunchConfiguration.java:858)
	at org.eclipse.debug.internal.core.LaunchConfiguration.launch(LaunchConfiguration.java:707)
	at org.eclipse.debug.internal.ui.DebugUIPlugin.buildAndLaunch(DebugUIPlugin.java:1018)
	at org.eclipse.debug.internal.ui.DebugUIPlugin$8.run(DebugUIPlugin.java:1222)
	at org.eclipse.core.internal.jobs.Worker.run(Worker.java:53)
19:40:33 ERROR : Unexpected error while parsing XMD response ?: com.google.gson.JsonSyntaxException: com.google.gson.stream.MalformedJsonException: invalid number or unquoted string near 
19:40:50 INFO  : Launching XSDB server: xsdb.bat C:/Xilinx/SDK/2015.3/scripts/xsdb/xsdb/xsdb-server.tcl
19:40:53 INFO  : XSDB server has started successfully.
19:41:06 INFO  : Processing command line option -hwspec C:/Users/user/Desktop/project_1/project_1.sdk/hw2_wrapper.hdf.
19:41:10 INFO  : Checking for hwspec changes in the project hw2_wrapper_hw_platform_0.
19:42:02 INFO  : System reset is completed.
19:42:07 INFO  : FPGA configured successfully with bitstream "C:/Users/user/Desktop/project_1/project_1.sdk/hw2_wrapper_hw_platform_0/hw2_wrapper.bit"
19:42:11 INFO  : ps7_init is completed.
19:42:11 INFO  : ps7_post_config is completed.
19:48:52 INFO  : System reset is completed.
19:48:58 INFO  : FPGA configured successfully with bitstream "C:/Users/user/Desktop/project_1/project_1.sdk/hw2_wrapper_hw_platform_0/hw2_wrapper.bit"
19:49:05 INFO  : ps7_init is completed.
19:49:06 INFO  : ps7_post_config is completed.
19:52:31 INFO  : System reset is completed.
19:52:37 INFO  : FPGA configured successfully with bitstream "C:/Users/user/Desktop/project_1/project_1.sdk/hw2_wrapper_hw_platform_0/hw2_wrapper.bit"
19:52:41 INFO  : ps7_init is completed.
19:52:41 INFO  : ps7_post_config is completed.
19:55:16 INFO  : System reset is completed.
19:55:22 ERROR : FPGA Configuration failed.Failed to download the bit file

    Failed to configure device 2 (xc7z020) with bitstream C:/Users/user/Desktop/project_1/project_1.sdk/hw2_wrapper_hw_platform_0/hw2_wrapper.bit
    Reason: Programming failed


19:55:22 ERROR : Exception occured while running Program FPGA.
java.lang.RuntimeException: Failed to download the bit file

    Failed to configure device 2 (xc7z020) with bitstream C:/Users/user/Desktop/project_1/project_1.sdk/hw2_wrapper_hw_platform_0/hw2_wrapper.bit
    Reason: Programming failed


19:55:22 ERROR : Unexpected error while launching program.
java.lang.RuntimeException: Failed to download the bit file

    Failed to configure device 2 (xc7z020) with bitstream C:/Users/user/Desktop/project_1/project_1.sdk/hw2_wrapper_hw_platform_0/hw2_wrapper.bit
    Reason: Programming failed


	at com.xilinx.sdk.debug.core.XilinxAppLaunchConfigurationDelegate.runTargetSetup(XilinxAppLaunchConfigurationDelegate.java:458)
	at com.xilinx.sdk.debug.core.XilinxAppLaunchConfigurationDelegate.runApplication(XilinxAppLaunchConfigurationDelegate.java:588)
	at com.xilinx.sdk.debug.core.XilinxAppLaunchConfigurationDelegate.launch(XilinxAppLaunchConfigurationDelegate.java:296)
	at com.xilinx.sdk.debug.ui.XilinxAppLaunchDelegateWrapper.launch(XilinxAppLaunchDelegateWrapper.java:31)
	at org.eclipse.debug.internal.core.LaunchConfiguration.launch(LaunchConfiguration.java:858)
	at org.eclipse.debug.internal.core.LaunchConfiguration.launch(LaunchConfiguration.java:707)
	at org.eclipse.debug.internal.ui.DebugUIPlugin.buildAndLaunch(DebugUIPlugin.java:1018)
	at org.eclipse.debug.internal.ui.DebugUIPlugin$8.run(DebugUIPlugin.java:1222)
	at org.eclipse.core.internal.jobs.Worker.run(Worker.java:53)
19:56:04 INFO  : System reset is completed.
19:56:09 INFO  : FPGA configured successfully with bitstream "C:/Users/user/Desktop/project_1/project_1.sdk/hw2_wrapper_hw_platform_0/hw2_wrapper.bit"
19:56:14 INFO  : ps7_init is completed.
19:56:14 INFO  : ps7_post_config is completed.
19:56:49 INFO  : System reset is completed.
19:56:50 ERROR : FPGA Configuration failed.Failed to download the bit file

    Failed to configure device 2 (xc7z020) with bitstream C:/Users/user/Desktop/project_1/project_1.sdk/hw2_wrapper_hw_platform_0/hw2_wrapper.bit
    Reason: Server disconnected during TCF command


19:56:50 ERROR : Exception occured while running Program FPGA.
java.lang.RuntimeException: Failed to download the bit file

    Failed to configure device 2 (xc7z020) with bitstream C:/Users/user/Desktop/project_1/project_1.sdk/hw2_wrapper_hw_platform_0/hw2_wrapper.bit
    Reason: Server disconnected during TCF command


19:56:50 ERROR : Unexpected error while launching program.
java.lang.RuntimeException: Failed to download the bit file

    Failed to configure device 2 (xc7z020) with bitstream C:/Users/user/Desktop/project_1/project_1.sdk/hw2_wrapper_hw_platform_0/hw2_wrapper.bit
    Reason: Server disconnected during TCF command


	at com.xilinx.sdk.debug.core.XilinxAppLaunchConfigurationDelegate.runTargetSetup(XilinxAppLaunchConfigurationDelegate.java:458)
	at com.xilinx.sdk.debug.core.XilinxAppLaunchConfigurationDelegate.runApplication(XilinxAppLaunchConfigurationDelegate.java:588)
	at com.xilinx.sdk.debug.core.XilinxAppLaunchConfigurationDelegate.launch(XilinxAppLaunchConfigurationDelegate.java:296)
	at com.xilinx.sdk.debug.ui.XilinxAppLaunchDelegateWrapper.launch(XilinxAppLaunchDelegateWrapper.java:31)
	at org.eclipse.debug.internal.core.LaunchConfiguration.launch(LaunchConfiguration.java:858)
	at org.eclipse.debug.internal.core.LaunchConfiguration.launch(LaunchConfiguration.java:707)
	at org.eclipse.debug.internal.ui.DebugUIPlugin.buildAndLaunch(DebugUIPlugin.java:1018)
	at org.eclipse.debug.internal.ui.DebugUIPlugin$8.run(DebugUIPlugin.java:1222)
	at org.eclipse.core.internal.jobs.Worker.run(Worker.java:53)
19:57:17 ERROR : Unexpected error while launching program.
java.lang.RuntimeException: Error in Resetting Target

    Could not stop the processor after reset


	at com.xilinx.sdk.targetmanager.internal.TM.doSystemReset(TM.java:988)
	at com.xilinx.sdk.debug.core.XilinxAppLaunchConfigurationDelegate.runTargetSetup(XilinxAppLaunchConfigurationDelegate.java:441)
	at com.xilinx.sdk.debug.core.XilinxAppLaunchConfigurationDelegate.runApplication(XilinxAppLaunchConfigurationDelegate.java:588)
	at com.xilinx.sdk.debug.core.XilinxAppLaunchConfigurationDelegate.launch(XilinxAppLaunchConfigurationDelegate.java:296)
	at com.xilinx.sdk.debug.ui.XilinxAppLaunchDelegateWrapper.launch(XilinxAppLaunchDelegateWrapper.java:31)
	at org.eclipse.debug.internal.core.LaunchConfiguration.launch(LaunchConfiguration.java:858)
	at org.eclipse.debug.internal.core.LaunchConfiguration.launch(LaunchConfiguration.java:707)
	at org.eclipse.debug.internal.ui.DebugUIPlugin.buildAndLaunch(DebugUIPlugin.java:1018)
	at org.eclipse.debug.internal.ui.DebugUIPlugin$8.run(DebugUIPlugin.java:1222)
	at org.eclipse.core.internal.jobs.Worker.run(Worker.java:53)
19:58:15 ERROR : Unexpected error while launching program.
java.lang.RuntimeException: Error in Resetting Target

    Could not stop the processor after reset


	at com.xilinx.sdk.targetmanager.internal.TM.doSystemReset(TM.java:988)
	at com.xilinx.sdk.debug.core.XilinxAppLaunchConfigurationDelegate.runTargetSetup(XilinxAppLaunchConfigurationDelegate.java:441)
	at com.xilinx.sdk.debug.core.XilinxAppLaunchConfigurationDelegate.runApplication(XilinxAppLaunchConfigurationDelegate.java:588)
	at com.xilinx.sdk.debug.core.XilinxAppLaunchConfigurationDelegate.launch(XilinxAppLaunchConfigurationDelegate.java:296)
	at com.xilinx.sdk.debug.ui.XilinxAppLaunchDelegateWrapper.launch(XilinxAppLaunchDelegateWrapper.java:31)
	at org.eclipse.debug.internal.core.LaunchConfiguration.launch(LaunchConfiguration.java:858)
	at org.eclipse.debug.internal.core.LaunchConfiguration.launch(LaunchConfiguration.java:707)
	at org.eclipse.debug.internal.ui.DebugUIPlugin.buildAndLaunch(DebugUIPlugin.java:1018)
	at org.eclipse.debug.internal.ui.DebugUIPlugin$8.run(DebugUIPlugin.java:1222)
	at org.eclipse.core.internal.jobs.Worker.run(Worker.java:53)
19:58:46 ERROR : Unexpected error while launching program.
com.xilinx.sdk.targetmanager.TMException: 
    Unknown Error Occured
    Cable is not connected to the host

	at com.xilinx.sdk.targetmanager.internal.TM.connectToProcessor(TM.java:484)
	at com.xilinx.sdk.debug.core.XilinxAppLaunchConfigurationDelegate.runTargetSetup(XilinxAppLaunchConfigurationDelegate.java:436)
	at com.xilinx.sdk.debug.core.XilinxAppLaunchConfigurationDelegate.runApplication(XilinxAppLaunchConfigurationDelegate.java:588)
	at com.xilinx.sdk.debug.core.XilinxAppLaunchConfigurationDelegate.launch(XilinxAppLaunchConfigurationDelegate.java:296)
	at com.xilinx.sdk.debug.ui.XilinxAppLaunchDelegateWrapper.launch(XilinxAppLaunchDelegateWrapper.java:31)
	at org.eclipse.debug.internal.core.LaunchConfiguration.launch(LaunchConfiguration.java:858)
	at org.eclipse.debug.internal.core.LaunchConfiguration.launch(LaunchConfiguration.java:707)
	at org.eclipse.debug.internal.ui.DebugUIPlugin.buildAndLaunch(DebugUIPlugin.java:1018)
	at org.eclipse.debug.internal.ui.DebugUIPlugin$8.run(DebugUIPlugin.java:1222)
	at org.eclipse.core.internal.jobs.Worker.run(Worker.java:53)
19:59:12 INFO  : System reset is completed.
19:59:18 INFO  : FPGA configured successfully with bitstream "C:/Users/user/Desktop/project_1/project_1.sdk/hw2_wrapper_hw_platform_0/hw2_wrapper.bit"
19:59:23 INFO  : ps7_init is completed.
19:59:23 INFO  : ps7_post_config is completed.
20:04:15 INFO  : ps7_cortexa9_0 Processor is in use. Please stop existing Run or Debug sessions before launching.
20:04:25 INFO  : System reset is completed.
20:04:26 ERROR : FPGA Configuration failed.Failed to download the bit file

    Failed to configure device 2 (xc7z020) with bitstream C:/Users/user/Desktop/project_1/project_1.sdk/hw2_wrapper_hw_platform_0/hw2_wrapper.bit
    Reason: Server disconnected during TCF command


20:04:26 ERROR : Exception occured while running Program FPGA.
java.lang.RuntimeException: Failed to download the bit file

    Failed to configure device 2 (xc7z020) with bitstream C:/Users/user/Desktop/project_1/project_1.sdk/hw2_wrapper_hw_platform_0/hw2_wrapper.bit
    Reason: Server disconnected during TCF command


20:04:26 ERROR : Unexpected error while launching program.
java.lang.RuntimeException: Failed to download the bit file

    Failed to configure device 2 (xc7z020) with bitstream C:/Users/user/Desktop/project_1/project_1.sdk/hw2_wrapper_hw_platform_0/hw2_wrapper.bit
    Reason: Server disconnected during TCF command


	at com.xilinx.sdk.debug.core.XilinxAppLaunchConfigurationDelegate.runTargetSetup(XilinxAppLaunchConfigurationDelegate.java:458)
	at com.xilinx.sdk.debug.core.XilinxAppLaunchConfigurationDelegate.runApplication(XilinxAppLaunchConfigurationDelegate.java:588)
	at com.xilinx.sdk.debug.core.XilinxAppLaunchConfigurationDelegate.launch(XilinxAppLaunchConfigurationDelegate.java:296)
	at com.xilinx.sdk.debug.ui.XilinxAppLaunchDelegateWrapper.launch(XilinxAppLaunchDelegateWrapper.java:31)
	at org.eclipse.debug.internal.core.LaunchConfiguration.launch(LaunchConfiguration.java:858)
	at org.eclipse.debug.internal.core.LaunchConfiguration.launch(LaunchConfiguration.java:707)
	at org.eclipse.debug.internal.ui.DebugUIPlugin.buildAndLaunch(DebugUIPlugin.java:1018)
	at org.eclipse.debug.internal.ui.DebugUIPlugin$8.run(DebugUIPlugin.java:1222)
	at org.eclipse.core.internal.jobs.Worker.run(Worker.java:53)
20:05:02 INFO  : System reset is completed.
20:05:08 INFO  : FPGA configured successfully with bitstream "C:/Users/user/Desktop/project_1/project_1.sdk/hw2_wrapper_hw_platform_0/hw2_wrapper.bit"
20:05:14 INFO  : ps7_init is completed.
20:05:14 INFO  : ps7_post_config is completed.
20:06:47 INFO  : ps7_cortexa9_0 Processor is in use. Please stop existing Run or Debug sessions before launching.
20:07:20 INFO  : System reset is completed.
20:07:26 INFO  : FPGA configured successfully with bitstream "C:/Users/user/Desktop/project_1/project_1.sdk/hw2_wrapper_hw_platform_0/hw2_wrapper.bit"
20:07:32 INFO  : ps7_init is completed.
20:07:33 INFO  : ps7_post_config is completed.
20:09:08 INFO  : System reset is completed.
20:09:09 ERROR : FPGA Configuration failed.Failed to download the bit file

    Failed to configure device 2 (xc7z020) with bitstream C:/Users/user/Desktop/project_1/project_1.sdk/hw2_wrapper_hw_platform_0/hw2_wrapper.bit
    Reason: Server disconnected during TCF command


20:09:09 ERROR : Exception occured while running Program FPGA.
java.lang.RuntimeException: Failed to download the bit file

    Failed to configure device 2 (xc7z020) with bitstream C:/Users/user/Desktop/project_1/project_1.sdk/hw2_wrapper_hw_platform_0/hw2_wrapper.bit
    Reason: Server disconnected during TCF command


20:09:09 ERROR : Unexpected error while launching program.
java.lang.RuntimeException: Failed to download the bit file

    Failed to configure device 2 (xc7z020) with bitstream C:/Users/user/Desktop/project_1/project_1.sdk/hw2_wrapper_hw_platform_0/hw2_wrapper.bit
    Reason: Server disconnected during TCF command


	at com.xilinx.sdk.debug.core.XilinxAppLaunchConfigurationDelegate.runTargetSetup(XilinxAppLaunchConfigurationDelegate.java:458)
	at com.xilinx.sdk.debug.core.XilinxAppLaunchConfigurationDelegate.runApplication(XilinxAppLaunchConfigurationDelegate.java:588)
	at com.xilinx.sdk.debug.core.XilinxAppLaunchConfigurationDelegate.launch(XilinxAppLaunchConfigurationDelegate.java:296)
	at com.xilinx.sdk.debug.ui.XilinxAppLaunchDelegateWrapper.launch(XilinxAppLaunchDelegateWrapper.java:31)
	at org.eclipse.debug.internal.core.LaunchConfiguration.launch(LaunchConfiguration.java:858)
	at org.eclipse.debug.internal.core.LaunchConfiguration.launch(LaunchConfiguration.java:707)
	at org.eclipse.debug.internal.ui.DebugUIPlugin.buildAndLaunch(DebugUIPlugin.java:1018)
	at org.eclipse.debug.internal.ui.DebugUIPlugin$8.run(DebugUIPlugin.java:1222)
	at org.eclipse.core.internal.jobs.Worker.run(Worker.java:53)
20:09:45 INFO  : System reset is completed.
20:09:49 INFO  : FPGA configured successfully with bitstream "C:/Users/user/Desktop/project_1/project_1.sdk/hw2_wrapper_hw_platform_0/hw2_wrapper.bit"
20:09:53 INFO  : ps7_init is completed.
20:09:54 INFO  : ps7_post_config is completed.
20:10:48 INFO  : System reset is completed.
20:10:55 INFO  : FPGA configured successfully with bitstream "C:/Users/user/Desktop/project_1/project_1.sdk/hw2_wrapper_hw_platform_0/hw2_wrapper.bit"
20:11:00 INFO  : ps7_init is completed.
20:11:00 INFO  : ps7_post_config is completed.
20:12:02 INFO  : System reset is completed.
20:12:07 INFO  : FPGA configured successfully with bitstream "C:/Users/user/Desktop/project_1/project_1.sdk/hw2_wrapper_hw_platform_0/hw2_wrapper.bit"
20:12:13 INFO  : ps7_init is completed.
20:12:13 INFO  : ps7_post_config is completed.
20:13:04 INFO  : System reset is completed.
20:13:09 INFO  : FPGA configured successfully with bitstream "C:/Users/user/Desktop/project_1/project_1.sdk/hw2_wrapper_hw_platform_0/hw2_wrapper.bit"
20:13:14 INFO  : ps7_init is completed.
20:13:14 INFO  : ps7_post_config is completed.
20:15:12 INFO  : System reset is completed.
20:15:16 INFO  : FPGA configured successfully with bitstream "C:/Users/user/Desktop/project_1/project_1.sdk/hw2_wrapper_hw_platform_0/hw2_wrapper.bit"
20:15:22 INFO  : ps7_init is completed.
20:15:22 INFO  : ps7_post_config is completed.
20:17:09 INFO  : System reset is completed.
20:17:15 INFO  : FPGA configured successfully with bitstream "C:/Users/user/Desktop/project_1/project_1.sdk/hw2_wrapper_hw_platform_0/hw2_wrapper.bit"
20:17:22 INFO  : ps7_init is completed.
20:17:22 INFO  : ps7_post_config is completed.
20:20:34 INFO  : System reset is completed.
20:20:39 INFO  : FPGA configured successfully with bitstream "C:/Users/user/Desktop/project_1/project_1.sdk/hw2_wrapper_hw_platform_0/hw2_wrapper.bit"
20:20:46 INFO  : ps7_init is completed.
20:20:47 INFO  : ps7_post_config is completed.
20:22:15 INFO  : System reset is completed.
20:22:19 INFO  : FPGA configured successfully with bitstream "C:/Users/user/Desktop/project_1/project_1.sdk/hw2_wrapper_hw_platform_0/hw2_wrapper.bit"
20:22:25 INFO  : ps7_init is completed.
20:22:26 INFO  : ps7_post_config is completed.
20:24:09 INFO  : System reset is completed.
20:24:14 INFO  : FPGA configured successfully with bitstream "C:/Users/user/Desktop/project_1/project_1.sdk/hw2_wrapper_hw_platform_0/hw2_wrapper.bit"
20:24:21 INFO  : ps7_init is completed.
20:24:21 INFO  : ps7_post_config is completed.
20:26:05 INFO  : System reset is completed.
20:26:10 INFO  : FPGA configured successfully with bitstream "C:/Users/user/Desktop/project_1/project_1.sdk/hw2_wrapper_hw_platform_0/hw2_wrapper.bit"
20:26:16 INFO  : ps7_init is completed.
20:26:16 INFO  : ps7_post_config is completed.
20:28:13 INFO  : System reset is completed.
20:28:19 INFO  : FPGA configured successfully with bitstream "C:/Users/user/Desktop/project_1/project_1.sdk/hw2_wrapper_hw_platform_0/hw2_wrapper.bit"
20:28:24 INFO  : ps7_init is completed.
20:28:24 INFO  : ps7_post_config is completed.
20:29:22 INFO  : System reset is completed.
20:29:27 INFO  : FPGA configured successfully with bitstream "C:/Users/user/Desktop/project_1/project_1.sdk/hw2_wrapper_hw_platform_0/hw2_wrapper.bit"
20:29:33 INFO  : ps7_init is completed.
20:29:33 INFO  : ps7_post_config is completed.
21:00:52 ERROR : Unexpected error while parsing XMD response ?: com.google.gson.JsonSyntaxException: com.google.gson.stream.MalformedJsonException: invalid number or unquoted string near 
21:02:24 INFO  : Launching XSDB server: xsdb.bat C:/Xilinx/SDK/2015.3/scripts/xsdb/xsdb/xsdb-server.tcl
21:02:27 INFO  : XSDB server has started successfully.
21:02:30 INFO  : Processing command line option -hwspec C:/Users/user/Desktop/project_1/project_1.sdk/hw2_wrapper.hdf.
21:02:30 INFO  : Checking for hwspec changes in the project hw2_wrapper_hw_platform_0.
21:02:34 INFO  : SDK has detected change in the last modified timestamps for source hardware specification file Source:1497614465886,  Project:1497598343602
21:02:34 INFO  : The hardware specification for project 'hw2_wrapper_hw_platform_0' is different from C:/Users/user/Desktop/project_1/project_1.sdk/hw2_wrapper.hdf.
21:02:34 INFO  : Copied contents of C:/Users/user/Desktop/project_1/project_1.sdk/hw2_wrapper.hdf into \hw2_wrapper_hw_platform_0\system.hdf.
21:02:42 INFO  : Synchronizing projects in the workspace with the hardware platform specification changes.
21:02:51 INFO  : 
21:02:52 INFO  : Updating hardware inferred compiler options for conv.
21:02:52 INFO  : Clearing existing target manager status.
21:03:40 INFO  : System reset is completed.
21:03:44 INFO  : FPGA configured successfully with bitstream "C:/Users/user/Desktop/project_1/project_1.sdk/hw2_wrapper_hw_platform_0/hw2_wrapper.bit"
21:03:45 INFO  : ps7_init is completed.
21:03:45 INFO  : ps7_post_config is completed.
21:05:02 INFO  : Launching XSDB server: xsdb.bat C:/Xilinx/SDK/2015.3/scripts/xsdb/xsdb/xsdb-server.tcl
21:05:56 INFO  : Launching XSDB server: xsdb.bat C:/Xilinx/SDK/2015.3/scripts/xsdb/xsdb/xsdb-server.tcl
21:05:58 INFO  : XSDB server has started successfully.
21:05:58 INFO  : Processing command line option -hwspec C:/Users/user/Desktop/project_1/project_1.sdk/hw2_wrapper.hdf.
21:08:02 ERROR : Timed out. 180 seconds have elapsed while waiting for XSDB server to launch.
21:08:03 ERROR : Failed to get all peripherals
java.lang.Exception: java.lang.Error: Channel is waiting for Hello message
	at org.eclipse.tcf.core.Command.<init>(Command.java:83)
	at com.xilinx.sdk.xsdb.XSDBCommandManager$8.<init>(XSDBCommandManager.java:384)
	at com.xilinx.sdk.xsdb.XSDBCommandManager.issueTcfCmd(XSDBCommandManager.java:384)
	at com.xilinx.sdk.xsdb.XSDBCommandManager.access$4(XSDBCommandManager.java:381)
	at com.xilinx.sdk.xsdb.XSDBCommandManager$7.run(XSDBCommandManager.java:376)
	at org.eclipse.tcf.EventQueue.run(EventQueue.java:95)
	at java.lang.Thread.run(Thread.java:745)
Caused by: java.lang.Error: Channel is waiting for Hello message
	at org.eclipse.tcf.core.AbstractChannel.sendCommand(AbstractChannel.java:874)
	at org.eclipse.tcf.core.Command.<init>(Command.java:79)
	... 6 more
21:08:03 ERROR : Unable to disconnect from existing targets
java.lang.RuntimeException: Failed to get all peripherals
	at com.xilinx.sdk.xsdb.XsdbCommandUtils.handleResult(XsdbCommandUtils.java:298)
	at com.xilinx.sdk.xsdb.XsdbCommandUtils.executeAndRespond(XsdbCommandUtils.java:248)
	at com.xilinx.sdk.hw.internal.HwPlatform.populatePeripheralDetails(HwPlatform.java:655)
	at com.xilinx.sdk.hw.internal.HwPlatform.getProcessorNames(HwPlatform.java:525)
	at com.xilinx.sdk.targetmanager.internal.TM.disconnectExistingTargets(TM.java:299)
	at com.xilinx.sdk.targetmanager.internal.TM.terminate(TM.java:212)
	at com.xilinx.sdk.targetmanager.TMPlugin.stop(TMPlugin.java:58)
	at org.eclipse.osgi.framework.internal.core.BundleContextImpl$2.run(BundleContextImpl.java:771)
	at java.security.AccessController.doPrivileged(Native Method)
	at org.eclipse.osgi.framework.internal.core.BundleContextImpl.stop(BundleContextImpl.java:764)
	at org.eclipse.osgi.framework.internal.core.BundleHost.stopWorker(BundleHost.java:510)
	at org.eclipse.osgi.framework.internal.core.AbstractBundle.suspend(AbstractBundle.java:566)
	at org.eclipse.osgi.framework.internal.core.Framework.suspendBundle(Framework.java:1206)
	at org.eclipse.osgi.framework.internal.core.StartLevelManager.decFWSL(StartLevelManager.java:592)
	at org.eclipse.osgi.framework.internal.core.StartLevelManager.doSetStartLevel(StartLevelManager.java:257)
	at org.eclipse.osgi.framework.internal.core.StartLevelManager.shutdown(StartLevelManager.java:215)
	at org.eclipse.osgi.framework.internal.core.InternalSystemBundle.suspend(InternalSystemBundle.java:284)
	at org.eclipse.osgi.framework.internal.core.Framework.shutdown(Framework.java:692)
	at org.eclipse.osgi.framework.internal.core.Framework.close(Framework.java:600)
	at org.eclipse.core.runtime.adaptor.EclipseStarter.shutdown(EclipseStarter.java:400)
	at org.eclipse.core.runtime.adaptor.EclipseStarter.run(EclipseStarter.java:200)
	at sun.reflect.NativeMethodAccessorImpl.invoke0(Native Method)
	at sun.reflect.NativeMethodAccessorImpl.invoke(NativeMethodAccessorImpl.java:62)
	at sun.reflect.DelegatingMethodAccessorImpl.invoke(DelegatingMethodAccessorImpl.java:43)
	at java.lang.reflect.Method.invoke(Method.java:497)
	at org.eclipse.equinox.launcher.Main.invokeFramework(Main.java:636)
	at org.eclipse.equinox.launcher.Main.basicRun(Main.java:591)
	at org.eclipse.equinox.launcher.Main.run(Main.java:1450)
Caused by: java.lang.Exception: java.lang.Error: Channel is waiting for Hello message
	at org.eclipse.tcf.core.Command.<init>(Command.java:83)
	at com.xilinx.sdk.xsdb.XSDBCommandManager$8.<init>(XSDBCommandManager.java:384)
	at com.xilinx.sdk.xsdb.XSDBCommandManager.issueTcfCmd(XSDBCommandManager.java:384)
	at com.xilinx.sdk.xsdb.XSDBCommandManager.access$4(XSDBCommandManager.java:381)
	at com.xilinx.sdk.xsdb.XSDBCommandManager$7.run(XSDBCommandManager.java:376)
	at org.eclipse.tcf.EventQueue.run(EventQueue.java:95)
	at java.lang.Thread.run(Thread.java:745)
Caused by: java.lang.Error: Channel is waiting for Hello message
	at org.eclipse.tcf.core.AbstractChannel.sendCommand(AbstractChannel.java:874)
	at org.eclipse.tcf.core.Command.<init>(Command.java:79)
	... 6 more
21:08:03 ERROR : Unexpected error while parsing XMD response ?: com.google.gson.JsonSyntaxException: com.google.gson.stream.MalformedJsonException: invalid number or unquoted string near 
21:09:12 INFO  : System reset is completed.
21:09:16 INFO  : FPGA configured successfully with bitstream "C:/Users/user/Desktop/project_1/project_1.sdk/hw2_wrapper_hw_platform_0/hw2_wrapper.bit"
21:09:19 INFO  : ps7_init is completed.
21:09:19 INFO  : ps7_post_config is completed.
21:10:43 ERROR : Unexpected error while launching program.
java.lang.RuntimeException: Error in Resetting Target

    Could not stop the processor after reset


	at com.xilinx.sdk.targetmanager.internal.TM.doSystemReset(TM.java:988)
	at com.xilinx.sdk.debug.core.XilinxAppLaunchConfigurationDelegate.runTargetSetup(XilinxAppLaunchConfigurationDelegate.java:441)
	at com.xilinx.sdk.debug.core.XilinxAppLaunchConfigurationDelegate.runApplication(XilinxAppLaunchConfigurationDelegate.java:588)
	at com.xilinx.sdk.debug.core.XilinxAppLaunchConfigurationDelegate.launch(XilinxAppLaunchConfigurationDelegate.java:296)
	at com.xilinx.sdk.debug.ui.XilinxAppLaunchDelegateWrapper.launch(XilinxAppLaunchDelegateWrapper.java:31)
	at org.eclipse.debug.internal.core.LaunchConfiguration.launch(LaunchConfiguration.java:858)
	at org.eclipse.debug.internal.core.LaunchConfiguration.launch(LaunchConfiguration.java:707)
	at org.eclipse.debug.internal.ui.DebugUIPlugin.buildAndLaunch(DebugUIPlugin.java:1018)
	at org.eclipse.debug.internal.ui.DebugUIPlugin$8.run(DebugUIPlugin.java:1222)
	at org.eclipse.core.internal.jobs.Worker.run(Worker.java:53)
21:11:38 INFO  : System reset is completed.
21:11:43 INFO  : FPGA configured successfully with bitstream "C:/Users/user/Desktop/project_1/project_1.sdk/hw2_wrapper_hw_platform_0/hw2_wrapper.bit"
21:11:45 INFO  : ps7_init is completed.
21:11:45 INFO  : ps7_post_config is completed.
21:17:26 INFO  : System reset is completed.
21:17:30 INFO  : FPGA configured successfully with bitstream "C:/Users/user/Desktop/project_1/project_1.sdk/hw2_wrapper_hw_platform_0/hw2_wrapper.bit"
21:17:32 INFO  : ps7_init is completed.
21:17:32 INFO  : ps7_post_config is completed.
21:18:13 INFO  : System reset is completed.
21:18:17 INFO  : FPGA configured successfully with bitstream "C:/Users/user/Desktop/project_1/project_1.sdk/hw2_wrapper_hw_platform_0/hw2_wrapper.bit"
21:18:19 INFO  : ps7_init is completed.
21:18:19 INFO  : ps7_post_config is completed.
21:19:04 INFO  : System reset is completed.
21:19:09 INFO  : FPGA configured successfully with bitstream "C:/Users/user/Desktop/project_1/project_1.sdk/hw2_wrapper_hw_platform_0/hw2_wrapper.bit"
21:19:11 INFO  : ps7_init is completed.
21:19:11 INFO  : ps7_post_config is completed.
21:19:48 INFO  : System reset is completed.
21:19:52 INFO  : FPGA configured successfully with bitstream "C:/Users/user/Desktop/project_1/project_1.sdk/hw2_wrapper_hw_platform_0/hw2_wrapper.bit"
21:19:56 INFO  : ps7_init is completed.
21:19:56 INFO  : ps7_post_config is completed.
21:20:41 INFO  : System reset is completed.
21:20:44 INFO  : FPGA configured successfully with bitstream "C:/Users/user/Desktop/project_1/project_1.sdk/hw2_wrapper_hw_platform_0/hw2_wrapper.bit"
21:20:46 INFO  : ps7_init is completed.
21:20:46 INFO  : ps7_post_config is completed.
21:22:02 INFO  : System reset is completed.
21:22:06 INFO  : FPGA configured successfully with bitstream "C:/Users/user/Desktop/project_1/project_1.sdk/hw2_wrapper_hw_platform_0/hw2_wrapper.bit"
21:22:09 INFO  : ps7_init is completed.
21:22:09 INFO  : ps7_post_config is completed.
21:23:19 INFO  : System reset is completed.
21:23:24 INFO  : FPGA configured successfully with bitstream "C:/Users/user/Desktop/project_1/project_1.sdk/hw2_wrapper_hw_platform_0/hw2_wrapper.bit"
21:23:27 INFO  : ps7_init is completed.
21:23:27 INFO  : ps7_post_config is completed.
21:41:33 INFO  : System reset is completed.
21:41:38 INFO  : FPGA configured successfully with bitstream "C:/Users/user/Desktop/project_1/project_1.sdk/hw2_wrapper_hw_platform_0/hw2_wrapper.bit"
21:41:39 INFO  : ps7_init is completed.
21:41:40 INFO  : ps7_post_config is completed.
21:42:36 INFO  : System reset is completed.
21:42:40 INFO  : FPGA configured successfully with bitstream "C:/Users/user/Desktop/project_1/project_1.sdk/hw2_wrapper_hw_platform_0/hw2_wrapper.bit"
21:42:43 INFO  : ps7_init is completed.
21:42:43 INFO  : ps7_post_config is completed.
21:44:22 INFO  : System reset is completed.
21:44:26 INFO  : FPGA configured successfully with bitstream "C:/Users/user/Desktop/project_1/project_1.sdk/hw2_wrapper_hw_platform_0/hw2_wrapper.bit"
21:44:27 INFO  : ps7_init is completed.
21:44:27 INFO  : ps7_post_config is completed.
21:48:43 INFO  : System reset is completed.
21:48:47 INFO  : FPGA configured successfully with bitstream "C:/Users/user/Desktop/project_1/project_1.sdk/hw2_wrapper_hw_platform_0/hw2_wrapper.bit"
21:48:49 INFO  : ps7_init is completed.
21:48:50 INFO  : ps7_post_config is completed.
22:02:24 INFO  : System reset is completed.
22:02:27 INFO  : FPGA configured successfully with bitstream "C:/Users/user/Desktop/project_1/project_1.sdk/hw2_wrapper_hw_platform_0/hw2_wrapper.bit"
22:02:29 INFO  : ps7_init is completed.
22:02:29 INFO  : ps7_post_config is completed.
22:03:10 INFO  : System reset is completed.
22:03:13 INFO  : FPGA configured successfully with bitstream "C:/Users/user/Desktop/project_1/project_1.sdk/hw2_wrapper_hw_platform_0/hw2_wrapper.bit"
22:03:16 INFO  : ps7_init is completed.
22:03:16 INFO  : ps7_post_config is completed.
22:05:31 INFO  : System reset is completed.
22:05:35 INFO  : FPGA configured successfully with bitstream "C:/Users/user/Desktop/project_1/project_1.sdk/hw2_wrapper_hw_platform_0/hw2_wrapper.bit"
22:05:38 INFO  : ps7_init is completed.
22:05:38 INFO  : ps7_post_config is completed.
22:13:07 INFO  : System reset is completed.
22:13:12 INFO  : FPGA configured successfully with bitstream "C:/Users/user/Desktop/project_1/project_1.sdk/hw2_wrapper_hw_platform_0/hw2_wrapper.bit"
22:13:14 INFO  : ps7_init is completed.
22:13:14 INFO  : ps7_post_config is completed.
22:16:58 INFO  : System reset is completed.
22:17:02 INFO  : FPGA configured successfully with bitstream "C:/Users/user/Desktop/project_1/project_1.sdk/hw2_wrapper_hw_platform_0/hw2_wrapper.bit"
22:17:03 INFO  : ps7_init is completed.
22:17:04 INFO  : ps7_post_config is completed.
22:18:20 INFO  : System reset is completed.
22:18:25 INFO  : FPGA configured successfully with bitstream "C:/Users/user/Desktop/project_1/project_1.sdk/hw2_wrapper_hw_platform_0/hw2_wrapper.bit"
22:18:27 INFO  : ps7_init is completed.
22:18:27 INFO  : ps7_post_config is completed.
22:20:39 INFO  : System reset is completed.
22:20:44 INFO  : FPGA configured successfully with bitstream "C:/Users/user/Desktop/project_1/project_1.sdk/hw2_wrapper_hw_platform_0/hw2_wrapper.bit"
22:20:47 INFO  : ps7_init is completed.
22:20:47 INFO  : ps7_post_config is completed.
22:22:22 INFO  : System reset is completed.
22:22:26 INFO  : FPGA configured successfully with bitstream "C:/Users/user/Desktop/project_1/project_1.sdk/hw2_wrapper_hw_platform_0/hw2_wrapper.bit"
22:22:29 INFO  : ps7_init is completed.
22:22:29 INFO  : ps7_post_config is completed.
22:27:59 INFO  : System reset is completed.
22:28:03 INFO  : FPGA configured successfully with bitstream "C:/Users/user/Desktop/project_1/project_1.sdk/hw2_wrapper_hw_platform_0/hw2_wrapper.bit"
22:28:05 INFO  : ps7_init is completed.
22:28:05 INFO  : ps7_post_config is completed.
22:55:32 INFO  : Launching XSDB server: xsdb.bat C:/Xilinx/SDK/2015.3/scripts/xsdb/xsdb/xsdb-server.tcl
22:56:08 INFO  : Launching XSDB server: xsdb.bat C:/Xilinx/SDK/2015.3/scripts/xsdb/xsdb/xsdb-server.tcl
22:56:11 INFO  : XSDB server has started successfully.
22:56:14 INFO  : Processing command line option -hwspec C:/Users/user/Desktop/project_1/project_1.sdk/hw2_wrapper.hdf.
22:58:32 ERROR : Timed out. 180 seconds have elapsed while waiting for XSDB server to launch.
22:58:32 ERROR : Failed to get all peripherals
java.lang.Exception: java.lang.Error: Channel is waiting for Hello message
	at org.eclipse.tcf.core.Command.<init>(Command.java:83)
	at com.xilinx.sdk.xsdb.XSDBCommandManager$8.<init>(XSDBCommandManager.java:384)
	at com.xilinx.sdk.xsdb.XSDBCommandManager.issueTcfCmd(XSDBCommandManager.java:384)
	at com.xilinx.sdk.xsdb.XSDBCommandManager.access$4(XSDBCommandManager.java:381)
	at com.xilinx.sdk.xsdb.XSDBCommandManager$7.run(XSDBCommandManager.java:376)
	at org.eclipse.tcf.EventQueue.run(EventQueue.java:95)
	at java.lang.Thread.run(Thread.java:745)
Caused by: java.lang.Error: Channel is waiting for Hello message
	at org.eclipse.tcf.core.AbstractChannel.sendCommand(AbstractChannel.java:874)
	at org.eclipse.tcf.core.Command.<init>(Command.java:79)
	... 6 more
22:58:32 ERROR : Unable to disconnect from existing targets
java.lang.RuntimeException: Failed to get all peripherals
	at com.xilinx.sdk.xsdb.XsdbCommandUtils.handleResult(XsdbCommandUtils.java:298)
	at com.xilinx.sdk.xsdb.XsdbCommandUtils.executeAndRespond(XsdbCommandUtils.java:248)
	at com.xilinx.sdk.hw.internal.HwPlatform.populatePeripheralDetails(HwPlatform.java:655)
	at com.xilinx.sdk.hw.internal.HwPlatform.getProcessorNames(HwPlatform.java:525)
	at com.xilinx.sdk.targetmanager.internal.TM.disconnectExistingTargets(TM.java:299)
	at com.xilinx.sdk.targetmanager.internal.TM.terminate(TM.java:212)
	at com.xilinx.sdk.targetmanager.TMPlugin.stop(TMPlugin.java:58)
	at org.eclipse.osgi.framework.internal.core.BundleContextImpl$2.run(BundleContextImpl.java:771)
	at java.security.AccessController.doPrivileged(Native Method)
	at org.eclipse.osgi.framework.internal.core.BundleContextImpl.stop(BundleContextImpl.java:764)
	at org.eclipse.osgi.framework.internal.core.BundleHost.stopWorker(BundleHost.java:510)
	at org.eclipse.osgi.framework.internal.core.AbstractBundle.suspend(AbstractBundle.java:566)
	at org.eclipse.osgi.framework.internal.core.Framework.suspendBundle(Framework.java:1206)
	at org.eclipse.osgi.framework.internal.core.StartLevelManager.decFWSL(StartLevelManager.java:592)
	at org.eclipse.osgi.framework.internal.core.StartLevelManager.doSetStartLevel(StartLevelManager.java:257)
	at org.eclipse.osgi.framework.internal.core.StartLevelManager.shutdown(StartLevelManager.java:215)
	at org.eclipse.osgi.framework.internal.core.InternalSystemBundle.suspend(InternalSystemBundle.java:284)
	at org.eclipse.osgi.framework.internal.core.Framework.shutdown(Framework.java:692)
	at org.eclipse.osgi.framework.internal.core.Framework.close(Framework.java:600)
	at org.eclipse.core.runtime.adaptor.EclipseStarter.shutdown(EclipseStarter.java:400)
	at org.eclipse.core.runtime.adaptor.EclipseStarter.run(EclipseStarter.java:200)
	at sun.reflect.NativeMethodAccessorImpl.invoke0(Native Method)
	at sun.reflect.NativeMethodAccessorImpl.invoke(NativeMethodAccessorImpl.java:62)
	at sun.reflect.DelegatingMethodAccessorImpl.invoke(DelegatingMethodAccessorImpl.java:43)
	at java.lang.reflect.Method.invoke(Method.java:497)
	at org.eclipse.equinox.launcher.Main.invokeFramework(Main.java:636)
	at org.eclipse.equinox.launcher.Main.basicRun(Main.java:591)
	at org.eclipse.equinox.launcher.Main.run(Main.java:1450)
Caused by: java.lang.Exception: java.lang.Error: Channel is waiting for Hello message
	at org.eclipse.tcf.core.Command.<init>(Command.java:83)
	at com.xilinx.sdk.xsdb.XSDBCommandManager$8.<init>(XSDBCommandManager.java:384)
	at com.xilinx.sdk.xsdb.XSDBCommandManager.issueTcfCmd(XSDBCommandManager.java:384)
	at com.xilinx.sdk.xsdb.XSDBCommandManager.access$4(XSDBCommandManager.java:381)
	at com.xilinx.sdk.xsdb.XSDBCommandManager$7.run(XSDBCommandManager.java:376)
	at org.eclipse.tcf.EventQueue.run(EventQueue.java:95)
	at java.lang.Thread.run(Thread.java:745)
Caused by: java.lang.Error: Channel is waiting for Hello message
	at org.eclipse.tcf.core.AbstractChannel.sendCommand(AbstractChannel.java:874)
	at org.eclipse.tcf.core.Command.<init>(Command.java:79)
	... 6 more
22:58:32 ERROR : Unexpected error while parsing XMD response ?: com.google.gson.JsonSyntaxException: com.google.gson.stream.MalformedJsonException: invalid number or unquoted string near 
23:08:03 INFO  : System reset is completed.
23:08:07 INFO  : FPGA configured successfully with bitstream "C:/Users/user/Desktop/project_1/project_1.sdk/hw2_wrapper_hw_platform_0/hw2_wrapper.bit"
23:08:08 INFO  : ps7_init is completed.
23:08:08 INFO  : ps7_post_config is completed.
23:09:22 INFO  : System reset is completed.
23:09:26 INFO  : FPGA configured successfully with bitstream "C:/Users/user/Desktop/project_1/project_1.sdk/hw2_wrapper_hw_platform_0/hw2_wrapper.bit"
23:09:29 INFO  : ps7_init is completed.
23:09:29 INFO  : ps7_post_config is completed.
23:10:34 INFO  : System reset is completed.
23:10:37 INFO  : FPGA configured successfully with bitstream "C:/Users/user/Desktop/project_1/project_1.sdk/hw2_wrapper_hw_platform_0/hw2_wrapper.bit"
23:10:39 INFO  : ps7_init is completed.
23:10:40 INFO  : ps7_post_config is completed.
23:11:32 INFO  : System reset is completed.
23:11:36 INFO  : FPGA configured successfully with bitstream "C:/Users/user/Desktop/project_1/project_1.sdk/hw2_wrapper_hw_platform_0/hw2_wrapper.bit"
23:11:38 INFO  : ps7_init is completed.
23:11:38 INFO  : ps7_post_config is completed.
23:12:18 INFO  : ps7_cortexa9_0 Processor is in use. Please stop existing Run or Debug sessions before launching.
23:12:23 INFO  : System reset is completed.
23:12:27 INFO  : FPGA configured successfully with bitstream "C:/Users/user/Desktop/project_1/project_1.sdk/hw2_wrapper_hw_platform_0/hw2_wrapper.bit"
23:12:30 INFO  : ps7_init is completed.
23:12:30 INFO  : ps7_post_config is completed.
23:14:50 INFO  : System reset is completed.
23:14:53 INFO  : FPGA configured successfully with bitstream "C:/Users/user/Desktop/project_1/project_1.sdk/hw2_wrapper_hw_platform_0/hw2_wrapper.bit"
23:14:56 INFO  : ps7_init is completed.
23:14:56 INFO  : ps7_post_config is completed.
23:16:28 INFO  : System reset is completed.
23:16:31 INFO  : FPGA configured successfully with bitstream "C:/Users/user/Desktop/project_1/project_1.sdk/hw2_wrapper_hw_platform_0/hw2_wrapper.bit"
23:16:33 INFO  : ps7_init is completed.
23:16:33 INFO  : ps7_post_config is completed.
23:17:27 INFO  : ps7_cortexa9_0 Processor is in use. Please stop existing Run or Debug sessions before launching.
23:17:34 INFO  : System reset is completed.
23:17:38 INFO  : FPGA configured successfully with bitstream "C:/Users/user/Desktop/project_1/project_1.sdk/hw2_wrapper_hw_platform_0/hw2_wrapper.bit"
23:17:40 INFO  : ps7_init is completed.
23:17:40 INFO  : ps7_post_config is completed.
16:23:46 INFO  : Launching XSDB server: xsdb.bat C:/Xilinx/SDK/2015.3/scripts/xsdb/xsdb/xsdb-server.tcl
16:26:46 ERROR : Timed out. 180 seconds have elapsed while waiting for XSDB server to launch.
16:26:46 ERROR : Failed to get all peripherals
java.lang.Exception: java.lang.Error: Channel is waiting for Hello message
	at org.eclipse.tcf.core.Command.<init>(Command.java:83)
	at com.xilinx.sdk.xsdb.XSDBCommandManager$8.<init>(XSDBCommandManager.java:384)
	at com.xilinx.sdk.xsdb.XSDBCommandManager.issueTcfCmd(XSDBCommandManager.java:384)
	at com.xilinx.sdk.xsdb.XSDBCommandManager.access$4(XSDBCommandManager.java:381)
	at com.xilinx.sdk.xsdb.XSDBCommandManager$7.run(XSDBCommandManager.java:376)
	at org.eclipse.tcf.EventQueue.run(EventQueue.java:95)
	at java.lang.Thread.run(Thread.java:745)
Caused by: java.lang.Error: Channel is waiting for Hello message
	at org.eclipse.tcf.core.AbstractChannel.sendCommand(AbstractChannel.java:874)
	at org.eclipse.tcf.core.Command.<init>(Command.java:79)
	... 6 more
16:26:46 ERROR : Unable to disconnect from existing targets
java.lang.RuntimeException: Failed to get all peripherals
	at com.xilinx.sdk.xsdb.XsdbCommandUtils.handleResult(XsdbCommandUtils.java:298)
	at com.xilinx.sdk.xsdb.XsdbCommandUtils.executeAndRespond(XsdbCommandUtils.java:248)
	at com.xilinx.sdk.hw.internal.HwPlatform.populatePeripheralDetails(HwPlatform.java:655)
	at com.xilinx.sdk.hw.internal.HwPlatform.getProcessorNames(HwPlatform.java:525)
	at com.xilinx.sdk.targetmanager.internal.TM.disconnectExistingTargets(TM.java:299)
	at com.xilinx.sdk.targetmanager.internal.TM.terminate(TM.java:212)
	at com.xilinx.sdk.targetmanager.TMPlugin.stop(TMPlugin.java:58)
	at org.eclipse.osgi.framework.internal.core.BundleContextImpl$2.run(BundleContextImpl.java:771)
	at java.security.AccessController.doPrivileged(Native Method)
	at org.eclipse.osgi.framework.internal.core.BundleContextImpl.stop(BundleContextImpl.java:764)
	at org.eclipse.osgi.framework.internal.core.BundleHost.stopWorker(BundleHost.java:510)
	at org.eclipse.osgi.framework.internal.core.AbstractBundle.suspend(AbstractBundle.java:566)
	at org.eclipse.osgi.framework.internal.core.Framework.suspendBundle(Framework.java:1206)
	at org.eclipse.osgi.framework.internal.core.StartLevelManager.decFWSL(StartLevelManager.java:592)
	at org.eclipse.osgi.framework.internal.core.StartLevelManager.doSetStartLevel(StartLevelManager.java:257)
	at org.eclipse.osgi.framework.internal.core.StartLevelManager.shutdown(StartLevelManager.java:215)
	at org.eclipse.osgi.framework.internal.core.InternalSystemBundle.suspend(InternalSystemBundle.java:284)
	at org.eclipse.osgi.framework.internal.core.Framework.shutdown(Framework.java:692)
	at org.eclipse.osgi.framework.internal.core.Framework.close(Framework.java:600)
	at org.eclipse.core.runtime.adaptor.EclipseStarter.shutdown(EclipseStarter.java:400)
	at org.eclipse.core.runtime.adaptor.EclipseStarter.run(EclipseStarter.java:200)
	at sun.reflect.NativeMethodAccessorImpl.invoke0(Native Method)
	at sun.reflect.NativeMethodAccessorImpl.invoke(NativeMethodAccessorImpl.java:62)
	at sun.reflect.DelegatingMethodAccessorImpl.invoke(DelegatingMethodAccessorImpl.java:43)
	at java.lang.reflect.Method.invoke(Method.java:497)
	at org.eclipse.equinox.launcher.Main.invokeFramework(Main.java:636)
	at org.eclipse.equinox.launcher.Main.basicRun(Main.java:591)
	at org.eclipse.equinox.launcher.Main.run(Main.java:1450)
Caused by: java.lang.Exception: java.lang.Error: Channel is waiting for Hello message
	at org.eclipse.tcf.core.Command.<init>(Command.java:83)
	at com.xilinx.sdk.xsdb.XSDBCommandManager$8.<init>(XSDBCommandManager.java:384)
	at com.xilinx.sdk.xsdb.XSDBCommandManager.issueTcfCmd(XSDBCommandManager.java:384)
	at com.xilinx.sdk.xsdb.XSDBCommandManager.access$4(XSDBCommandManager.java:381)
	at com.xilinx.sdk.xsdb.XSDBCommandManager$7.run(XSDBCommandManager.java:376)
	at org.eclipse.tcf.EventQueue.run(EventQueue.java:95)
	at java.lang.Thread.run(Thread.java:745)
Caused by: java.lang.Error: Channel is waiting for Hello message
	at org.eclipse.tcf.core.AbstractChannel.sendCommand(AbstractChannel.java:874)
	at org.eclipse.tcf.core.Command.<init>(Command.java:79)
	... 6 more
16:26:46 ERROR : Unexpected error while parsing XMD response ?: com.google.gson.JsonSyntaxException: com.google.gson.stream.MalformedJsonException: invalid number or unquoted string near 
16:40:26 INFO  : Launching XSDB server: xsdb.bat C:/Xilinx/SDK/2015.3/scripts/xsdb/xsdb/xsdb-server.tcl
16:40:29 INFO  : XSDB server has started successfully.
16:40:31 INFO  : Processing command line option -hwspec C:/Users/user/Desktop/project_1/project_1.sdk/hw2_wrapper.hdf.
16:45:08 INFO  : System reset is completed.
16:45:13 INFO  : FPGA configured successfully with bitstream "C:/Users/user/Desktop/project_1/project_1.sdk/hw2_wrapper_hw_platform_0/hw2_wrapper.bit"
16:45:16 INFO  : ps7_init is completed.
16:45:16 INFO  : ps7_post_config is completed.
16:45:58 ERROR : Unexpected error while launching program.
java.lang.RuntimeException: Error in Resetting Target

    Could not stop the processor after reset


	at com.xilinx.sdk.targetmanager.internal.TM.doSystemReset(TM.java:988)
	at com.xilinx.sdk.debug.core.XilinxAppLaunchConfigurationDelegate.runTargetSetup(XilinxAppLaunchConfigurationDelegate.java:441)
	at com.xilinx.sdk.debug.core.XilinxAppLaunchConfigurationDelegate.runApplication(XilinxAppLaunchConfigurationDelegate.java:588)
	at com.xilinx.sdk.debug.core.XilinxAppLaunchConfigurationDelegate.launch(XilinxAppLaunchConfigurationDelegate.java:296)
	at com.xilinx.sdk.debug.ui.XilinxAppLaunchDelegateWrapper.launch(XilinxAppLaunchDelegateWrapper.java:31)
	at org.eclipse.debug.internal.core.LaunchConfiguration.launch(LaunchConfiguration.java:858)
	at org.eclipse.debug.internal.core.LaunchConfiguration.launch(LaunchConfiguration.java:707)
	at org.eclipse.debug.internal.ui.DebugUIPlugin.buildAndLaunch(DebugUIPlugin.java:1018)
	at org.eclipse.debug.internal.ui.DebugUIPlugin$8.run(DebugUIPlugin.java:1222)
	at org.eclipse.core.internal.jobs.Worker.run(Worker.java:53)
16:46:42 INFO  : System reset is completed.
16:46:47 INFO  : FPGA configured successfully with bitstream "C:/Users/user/Desktop/project_1/project_1.sdk/hw2_wrapper_hw_platform_0/hw2_wrapper.bit"
16:46:49 INFO  : ps7_init is completed.
16:46:49 INFO  : ps7_post_config is completed.
17:33:25 INFO  : SDK has detected change in the last modified timestamps for source hardware specification file Source:1497688235485,  Project:1497685174661
17:33:25 INFO  : Project hw2_wrapper_hw_platform_0's source hardware specification located at C:/Users/user/Desktop/project_1/project_1.sdk/hw2_wrapper.hdf is now different from the local copy.
		 The local copy will be replaced with the source specification and your workspace will be updated.
17:33:29 INFO  : Project hw2_wrapper_hw_platform_0's source hardware specification location will not be monitored anymore.
17:33:54 INFO  : Launching XSDB server: xsdb.bat C:/Xilinx/SDK/2015.3/scripts/xsdb/xsdb/xsdb-server.tcl
17:34:32 INFO  : Launching XSDB server: xsdb.bat C:/Xilinx/SDK/2015.3/scripts/xsdb/xsdb/xsdb-server.tcl
17:34:35 INFO  : XSDB server has started successfully.
17:34:37 INFO  : Processing command line option -hwspec C:/Users/user/Desktop/project_1/project_1.sdk/hw2_wrapper.hdf.
17:36:54 ERROR : Timed out. 180 seconds have elapsed while waiting for XSDB server to launch.
17:36:54 ERROR : Failed to get all peripherals
java.lang.Exception: java.lang.Error: Channel is waiting for Hello message
	at org.eclipse.tcf.core.Command.<init>(Command.java:83)
	at com.xilinx.sdk.xsdb.XSDBCommandManager$8.<init>(XSDBCommandManager.java:384)
	at com.xilinx.sdk.xsdb.XSDBCommandManager.issueTcfCmd(XSDBCommandManager.java:384)
	at com.xilinx.sdk.xsdb.XSDBCommandManager.access$4(XSDBCommandManager.java:381)
	at com.xilinx.sdk.xsdb.XSDBCommandManager$7.run(XSDBCommandManager.java:376)
	at org.eclipse.tcf.EventQueue.run(EventQueue.java:95)
	at java.lang.Thread.run(Thread.java:745)
Caused by: java.lang.Error: Channel is waiting for Hello message
	at org.eclipse.tcf.core.AbstractChannel.sendCommand(AbstractChannel.java:874)
	at org.eclipse.tcf.core.Command.<init>(Command.java:79)
	... 6 more
17:36:54 ERROR : Unable to disconnect from existing targets
java.lang.RuntimeException: Failed to get all peripherals
	at com.xilinx.sdk.xsdb.XsdbCommandUtils.handleResult(XsdbCommandUtils.java:298)
	at com.xilinx.sdk.xsdb.XsdbCommandUtils.executeAndRespond(XsdbCommandUtils.java:248)
	at com.xilinx.sdk.hw.internal.HwPlatform.populatePeripheralDetails(HwPlatform.java:655)
	at com.xilinx.sdk.hw.internal.HwPlatform.getProcessorNames(HwPlatform.java:525)
	at com.xilinx.sdk.targetmanager.internal.TM.disconnectExistingTargets(TM.java:299)
	at com.xilinx.sdk.targetmanager.internal.TM.terminate(TM.java:212)
	at com.xilinx.sdk.targetmanager.TMPlugin.stop(TMPlugin.java:58)
	at org.eclipse.osgi.framework.internal.core.BundleContextImpl$2.run(BundleContextImpl.java:771)
	at java.security.AccessController.doPrivileged(Native Method)
	at org.eclipse.osgi.framework.internal.core.BundleContextImpl.stop(BundleContextImpl.java:764)
	at org.eclipse.osgi.framework.internal.core.BundleHost.stopWorker(BundleHost.java:510)
	at org.eclipse.osgi.framework.internal.core.AbstractBundle.suspend(AbstractBundle.java:566)
	at org.eclipse.osgi.framework.internal.core.Framework.suspendBundle(Framework.java:1206)
	at org.eclipse.osgi.framework.internal.core.StartLevelManager.decFWSL(StartLevelManager.java:592)
	at org.eclipse.osgi.framework.internal.core.StartLevelManager.doSetStartLevel(StartLevelManager.java:257)
	at org.eclipse.osgi.framework.internal.core.StartLevelManager.shutdown(StartLevelManager.java:215)
	at org.eclipse.osgi.framework.internal.core.InternalSystemBundle.suspend(InternalSystemBundle.java:284)
	at org.eclipse.osgi.framework.internal.core.Framework.shutdown(Framework.java:692)
	at org.eclipse.osgi.framework.internal.core.Framework.close(Framework.java:600)
	at org.eclipse.core.runtime.adaptor.EclipseStarter.shutdown(EclipseStarter.java:400)
	at org.eclipse.core.runtime.adaptor.EclipseStarter.run(EclipseStarter.java:200)
	at sun.reflect.NativeMethodAccessorImpl.invoke0(Native Method)
	at sun.reflect.NativeMethodAccessorImpl.invoke(NativeMethodAccessorImpl.java:62)
	at sun.reflect.DelegatingMethodAccessorImpl.invoke(DelegatingMethodAccessorImpl.java:43)
	at java.lang.reflect.Method.invoke(Method.java:497)
	at org.eclipse.equinox.launcher.Main.invokeFramework(Main.java:636)
	at org.eclipse.equinox.launcher.Main.basicRun(Main.java:591)
	at org.eclipse.equinox.launcher.Main.run(Main.java:1450)
Caused by: java.lang.Exception: java.lang.Error: Channel is waiting for Hello message
	at org.eclipse.tcf.core.Command.<init>(Command.java:83)
	at com.xilinx.sdk.xsdb.XSDBCommandManager$8.<init>(XSDBCommandManager.java:384)
	at com.xilinx.sdk.xsdb.XSDBCommandManager.issueTcfCmd(XSDBCommandManager.java:384)
	at com.xilinx.sdk.xsdb.XSDBCommandManager.access$4(XSDBCommandManager.java:381)
	at com.xilinx.sdk.xsdb.XSDBCommandManager$7.run(XSDBCommandManager.java:376)
	at org.eclipse.tcf.EventQueue.run(EventQueue.java:95)
	at java.lang.Thread.run(Thread.java:745)
Caused by: java.lang.Error: Channel is waiting for Hello message
	at org.eclipse.tcf.core.AbstractChannel.sendCommand(AbstractChannel.java:874)
	at org.eclipse.tcf.core.Command.<init>(Command.java:79)
	... 6 more
17:36:54 ERROR : Unexpected error while parsing XMD response ?: com.google.gson.JsonSyntaxException: com.google.gson.stream.MalformedJsonException: invalid number or unquoted string near 
17:38:41 INFO  : System reset is completed.
17:38:45 INFO  : FPGA configured successfully with bitstream "C:/Users/user/Desktop/project_1/project_1.sdk/hw2_wrapper_hw_platform_0/hw2_wrapper.bit"
17:38:48 INFO  : ps7_init is completed.
17:38:48 INFO  : ps7_post_config is completed.
17:40:07 INFO  : System reset is completed.
17:40:11 INFO  : FPGA configured successfully with bitstream "C:/Users/user/Desktop/project_1/project_1.sdk/hw2_wrapper_hw_platform_0/hw2_wrapper.bit"
17:40:13 INFO  : ps7_init is completed.
17:40:13 INFO  : ps7_post_config is completed.
17:41:17 INFO  : System reset is completed.
17:41:21 INFO  : FPGA configured successfully with bitstream "C:/Users/user/Desktop/project_1/project_1.sdk/hw2_wrapper_hw_platform_0/hw2_wrapper.bit"
17:41:23 INFO  : ps7_init is completed.
17:41:23 INFO  : ps7_post_config is completed.
17:42:03 INFO  : System reset is completed.
17:42:07 INFO  : FPGA configured successfully with bitstream "C:/Users/user/Desktop/project_1/project_1.sdk/hw2_wrapper_hw_platform_0/hw2_wrapper.bit"
17:42:09 INFO  : ps7_init is completed.
17:42:09 INFO  : ps7_post_config is completed.
17:43:05 INFO  : System reset is completed.
17:43:10 INFO  : FPGA configured successfully with bitstream "C:/Users/user/Desktop/project_1/project_1.sdk/hw2_wrapper_hw_platform_0/hw2_wrapper.bit"
17:43:12 INFO  : ps7_init is completed.
17:43:12 INFO  : ps7_post_config is completed.
17:46:52 INFO  : System reset is completed.
17:46:56 INFO  : FPGA configured successfully with bitstream "C:/Users/user/Desktop/project_1/project_1.sdk/hw2_wrapper_hw_platform_0/hw2_wrapper.bit"
17:46:59 INFO  : ps7_init is completed.
17:46:59 INFO  : ps7_post_config is completed.
17:49:05 INFO  : System reset is completed.
17:49:09 INFO  : FPGA configured successfully with bitstream "C:/Users/user/Desktop/project_1/project_1.sdk/hw2_wrapper_hw_platform_0/hw2_wrapper.bit"
17:49:11 INFO  : ps7_init is completed.
17:49:11 INFO  : ps7_post_config is completed.
18:19:11 ERROR : Unexpected error while launching program.
com.xilinx.sdk.targetmanager.TMException: 
    Unknown Error Occured
    Cable is not connected to the host

	at com.xilinx.sdk.targetmanager.internal.TM.connectToProcessor(TM.java:484)
	at com.xilinx.sdk.debug.core.XilinxAppLaunchConfigurationDelegate.runTargetSetup(XilinxAppLaunchConfigurationDelegate.java:436)
	at com.xilinx.sdk.debug.core.XilinxAppLaunchConfigurationDelegate.runApplication(XilinxAppLaunchConfigurationDelegate.java:588)
	at com.xilinx.sdk.debug.core.XilinxAppLaunchConfigurationDelegate.launch(XilinxAppLaunchConfigurationDelegate.java:296)
	at com.xilinx.sdk.debug.ui.XilinxAppLaunchDelegateWrapper.launch(XilinxAppLaunchDelegateWrapper.java:31)
	at org.eclipse.debug.internal.core.LaunchConfiguration.launch(LaunchConfiguration.java:858)
	at org.eclipse.debug.internal.core.LaunchConfiguration.launch(LaunchConfiguration.java:707)
	at org.eclipse.debug.internal.ui.DebugUIPlugin.buildAndLaunch(DebugUIPlugin.java:1018)
	at org.eclipse.debug.internal.ui.DebugUIPlugin$8.run(DebugUIPlugin.java:1222)
	at org.eclipse.core.internal.jobs.Worker.run(Worker.java:53)
18:19:47 INFO  : System reset is completed.
18:19:51 INFO  : FPGA configured successfully with bitstream "C:/Users/user/Desktop/project_1/project_1.sdk/hw2_wrapper_hw_platform_0/hw2_wrapper.bit"
18:19:53 INFO  : ps7_init is completed.
18:19:53 INFO  : ps7_post_config is completed.
18:34:59 ERROR : Unexpected error while launching program.
com.xilinx.sdk.targetmanager.TMException: 
    Unknown Error Occured
    Cable is not connected to the host

	at com.xilinx.sdk.targetmanager.internal.TM.connectToProcessor(TM.java:484)
	at com.xilinx.sdk.debug.core.XilinxAppLaunchConfigurationDelegate.runTargetSetup(XilinxAppLaunchConfigurationDelegate.java:436)
	at com.xilinx.sdk.debug.core.XilinxAppLaunchConfigurationDelegate.runApplication(XilinxAppLaunchConfigurationDelegate.java:588)
	at com.xilinx.sdk.debug.core.XilinxAppLaunchConfigurationDelegate.launch(XilinxAppLaunchConfigurationDelegate.java:296)
	at com.xilinx.sdk.debug.ui.XilinxAppLaunchDelegateWrapper.launch(XilinxAppLaunchDelegateWrapper.java:31)
	at org.eclipse.debug.internal.core.LaunchConfiguration.launch(LaunchConfiguration.java:858)
	at org.eclipse.debug.internal.core.LaunchConfiguration.launch(LaunchConfiguration.java:707)
	at org.eclipse.debug.internal.ui.DebugUIPlugin.buildAndLaunch(DebugUIPlugin.java:1018)
	at org.eclipse.debug.internal.ui.DebugUIPlugin$8.run(DebugUIPlugin.java:1222)
	at org.eclipse.core.internal.jobs.Worker.run(Worker.java:53)
18:35:24 INFO  : System reset is completed.
18:35:28 INFO  : FPGA configured successfully with bitstream "C:/Users/user/Desktop/project_1/project_1.sdk/hw2_wrapper_hw_platform_0/hw2_wrapper.bit"
18:35:29 INFO  : ps7_init is completed.
18:35:30 INFO  : ps7_post_config is completed.
18:36:12 INFO  : System reset is completed.
18:36:16 INFO  : FPGA configured successfully with bitstream "C:/Users/user/Desktop/project_1/project_1.sdk/hw2_wrapper_hw_platform_0/hw2_wrapper.bit"
18:36:18 INFO  : ps7_init is completed.
18:36:18 INFO  : ps7_post_config is completed.
18:37:46 INFO  : System reset is completed.
18:37:51 INFO  : FPGA configured successfully with bitstream "C:/Users/user/Desktop/project_1/project_1.sdk/hw2_wrapper_hw_platform_0/hw2_wrapper.bit"
18:37:54 INFO  : ps7_init is completed.
18:37:54 INFO  : ps7_post_config is completed.
